{"meta": {"format": 3, "version": "7.15.3", "timestamp": "2026-08-05T20:19:58.342557", "branch_coverage": true, "show_contexts": false}, "files": {"src\\medprov\\__init__.py": {"executed_lines": [3, 5, 7, 15], "summary": {"covered_lines": 4, "num_statements": 4, "percent_covered": 100.0, "percent_covered_display": "100", "missing_lines": 0, "excluded_lines": 0, "percent_statements_covered": 100.0, "percent_statements_covered_display": "100", "num_branches": 0, "num_partial_branches": 0, "covered_branches": 0, "missing_branches": 0, "percent_branches_covered": 100.0, "percent_branches_covered_display": "100"}, "missing_lines": [], "excluded_lines": [], "executed_branches": [], "missing_branches": [], "functions": {"": {"executed_lines": [3, 5, 7, 15], "summary": {"covered_lines": 4, "num_statements": 4, "percent_covered": 100.0, "percent_covered_display": "100", "missing_lines": 0, "excluded_lines": 0, "percent_statements_covered": 100.0, "percent_statements_covered_display": "100", "num_branches": 0, "num_partial_branches": 0, "covered_branches": 0, "missing_branches": 0, "percent_branches_covered": 100.0, "percent_branches_covered_display": "100"}, "missing_lines": [], "excluded_lines": [], "start_line": 1, "executed_branches": [], "missing_branches": []}}, "classes": {"": {"executed_lines": [3, 5, 7, 15], "summary": {"covered_lines": 4, "num_statements": 4, "percent_covered": 100.0, "percent_covered_display": "100", "missing_lines": 0, "excluded_lines": 0, "percent_statements_covered": 100.0, "percent_statements_covered_display": "100", "num_branches": 0, "num_partial_branches": 0, "covered_branches": 0, "missing_branches": 0, "percent_branches_covered": 100.0, "percent_branches_covered_display": "100"}, "missing_lines": [], "excluded_lines": [], "start_line": 1, "executed_branches": [], "missing_branches": []}}}, "src\\medprov\\__main__.py": {"executed_lines": [], "summary": {"covered_lines": 0, "num_statements": 2, "percent_covered": 0.0, "percent_covered_display": "0", "missing_lines": 2, "excluded_lines": 0, "percent_statements_covered": 0.0, "percent_statements_covered_display": "0", "num_branches": 0, "num_partial_branches": 0, "covered_branches": 0, "missing_branches": 0, "percent_branches_covered": 100.0, "percent_branches_covered_display": "100"}, "missing_lines": [1, 3], "excluded_lines": [], "executed_branches": [], "missing_branches": [], "functions": {"": {"executed_lines": [], "summary": {"covered_lines": 0, "num_statements": 2, "percent_covered": 0.0, "percent_covered_display": "0", "missing_lines": 2, "excluded_lines": 0, "percent_statements_covered": 0.0, "percent_statements_covered_display": "0", "num_branches": 0, "num_partial_branches": 0, "covered_branches": 0, "missing_branches": 0, "percent_branches_covered": 100.0, "percent_branches_covered_display": "100"}, "missing_lines": [1, 3], "excluded_lines": [], "start_line": 1, "executed_branches": [], "missing_branches": []}}, "classes": {"": {"executed_lines": [], "summary": {"covered_lines": 0, "num_statements": 2, "percent_covered": 0.0, "percent_covered_display": "0", "missing_lines": 2, "excluded_lines": 0, "percent_statements_covered": 0.0, "percent_statements_covered_display": "0", "num_branches": 0, "num_partial_branches": 0, "covered_branches": 0, "missing_branches": 0, "percent_branches_covered": 100.0, "percent_branches_covered_display": "100"}, "missing_lines": [1, 3], "excluded_lines": [], "start_line": 1, "executed_branches": [], "missing_branches": []}}}, "src\\medprov\\adapters\\__init__.py": {"executed_lines": [3, 5, 6, 7, 8, 9, 10, 12, 21, 22, 23, 25, 28], "summary": {"covered_lines": 13, "num_statements": 14, "percent_covered": 87.5, "percent_covered_display": "88", "missing_lines": 1, "excluded_lines": 0, "percent_statements_covered": 92.85714285714286, "percent_statements_covered_display": "93", "num_branches": 2, "num_partial_branches": 1, "covered_branches": 1, "missing_branches": 1, "percent_branches_covered": 50.0, "percent_branches_covered_display": "50"}, "missing_lines": [24], "excluded_lines": [], "executed_branches": [[23, 25]], "missing_branches": [[23, 24]], "functions": {"get_adapter": {"executed_lines": [22, 23, 25], "summary": {"covered_lines": 3, "num_statements": 4, "percent_covered": 66.66666666666667, "percent_covered_display": "67", "missing_lines": 1, "excluded_lines": 0, "percent_statements_covered": 75.0, "percent_statements_covered_display": "75", "num_branches": 2, "num_partial_branches": 1, "covered_branches": 1, "missing_branches": 1, "percent_branches_covered": 50.0, "percent_branches_covered_display": "50"}, "missing_lines": [24], "excluded_lines": [], "start_line": 21, "executed_branches": [[23, 25]], "missing_branches": [[23, 24]]}, "": {"executed_lines": [3, 5, 6, 7, 8, 9, 10, 12, 21, 28], "summary": {"covered_lines": 10, "num_statements": 10, "percent_covered": 100.0, "percent_covered_display": "100", "missing_lines": 0, "excluded_lines": 0, "percent_statements_covered": 100.0, "percent_statements_covered_display": "100", "num_branches": 0, "num_partial_branches": 0, "covered_branches": 0, "missing_branches": 0, "percent_branches_covered": 100.0, "percent_branches_covered_display": "100"}, "missing_lines": [], "excluded_lines": [], "start_line": 1, "executed_branches": [], "missing_branches": []}}, "classes": {"": {"executed_lines": [3, 5, 6, 7, 8, 9, 10, 12, 21, 22, 23, 25, 28], "summary": {"covered_lines": 13, "num_statements": 14, "percent_covered": 87.5, "percent_covered_display": "88", "missing_lines": 1, "excluded_lines": 0, "percent_statements_covered": 92.85714285714286, "percent_statements_covered_display": "93", "num_branches": 2, "num_partial_branches": 1, "covered_branches": 1, "missing_branches": 1, "percent_branches_covered": 50.0, "percent_branches_covered_display": "50"}, "missing_lines": [24], "excluded_lines": [], "start_line": 1, "executed_branches": [[23, 25]], "missing_branches": [[23, 24]]}}}, "src\\medprov\\adapters\\base.py": {"executed_lines": [3, 5, 6, 7, 9, 10, 13, 17, 21, 25, 26, 27, 28, 29, 30, 38, 39, 40, 44, 45, 46, 47, 53, 54, 55, 56, 57, 58, 59, 60, 61, 62, 65, 66, 67, 68, 72, 73, 74, 75, 76, 77, 91, 92, 97, 98, 101, 102], "summary": {"covered_lines": 48, "num_statements": 51, "percent_covered": 87.6923076923077, "percent_covered_display": "88", "missing_lines": 3, "excluded_lines": 0, "percent_statements_covered": 94.11764705882354, "percent_statements_covered_display": "94", "num_branches": 14, "num_partial_branches": 1, "covered_branches": 9, "missing_branches": 5, "percent_branches_covered": 64.28571428571429, "percent_branches_covered_display": "64"}, "missing_lines": [69, 70, 71], "excluded_lines": [], "executed_branches": [[58, 59], [58, 62], [60, 58], [60, 61], [68, 72], [72, 73], [72, 75], [75, 76], [75, 77]], "missing_branches": [[68, 69], [69, 70], [69, 72], [70, 69], [70, 71]], "functions": {"BaseAdapter.supports_model": {"executed_lines": [39, 40], "summary": {"covered_lines": 2, "num_statements": 2, "percent_covered": 100.0, "percent_covered_display": "100", "missing_lines": 0, "excluded_lines": 0, "percent_statements_covered": 100.0, "percent_statements_covered_display": "100", "num_branches": 0, "num_partial_branches": 0, "covered_branches": 0, "missing_branches": 0, "percent_branches_covered": 100.0, "percent_branches_covered_display": "100"}, "missing_lines": [], "excluded_lines": [], "start_line": 38, "executed_branches": [], "missing_branches": []}, "BaseAdapter.required_metadata_fields": {"executed_lines": [46, 47], "summary": {"covered_lines": 2, "num_statements": 2, "percent_covered": 100.0, "percent_covered_display": "100", "missing_lines": 0, "excluded_lines": 0, "percent_statements_covered": 100.0, "percent_statements_covered_display": "100", "num_branches": 0, "num_partial_branches": 0, "covered_branches": 0, "missing_branches": 0, "percent_branches_covered": 100.0, "percent_branches_covered_display": "100"}, "missing_lines": [], "excluded_lines": [], "start_line": 45, "executed_branches": [], "missing_branches": []}, "BaseAdapter.capability": {"executed_lines": [54, 55, 56, 57, 58, 59, 60, 61, 62, 65, 66, 67, 68, 72, 73, 74, 75, 76, 77], "summary": {"covered_lines": 19, "num_statements": 22, "percent_covered": 77.77777777777777, "percent_covered_display": "78", "missing_lines": 3, "excluded_lines": 0, "percent_statements_covered": 86.36363636363636, "percent_statements_covered_display": "86", "num_branches": 14, "num_partial_branches": 1, "covered_branches": 9, "missing_branches": 5, "percent_branches_covered": 64.28571428571429, "percent_branches_covered_display": "64"}, "missing_lines": [69, 70, 71], "excluded_lines": [], "start_line": 53, "executed_branches": [[58, 59], [58, 62], [60, 58], [60, 61], [68, 72], [72, 73], [72, 75], [75, 76], [75, 77]], "missing_branches": [[68, 69], [69, 70], [69, 72], [70, 69], [70, 71]]}, "BaseAdapter.inspect_source": {"executed_lines": [], "summary": {"covered_lines": 0, "num_statements": 0, "percent_covered": 100.0, "percent_covered_display": "100", "missing_lines": 0, "excluded_lines": 0, "percent_statements_covered": 100.0, "percent_statements_covered_display": "100", "num_branches": 0, "num_partial_branches": 0, "covered_branches": 0, "missing_branches": 0, "percent_branches_covered": 100.0, "percent_branches_covered_display": "100"}, "missing_lines": [], "excluded_lines": [], "start_line": 92, "executed_branches": [], "missing_branches": []}, "BaseAdapter.compile": {"executed_lines": [], "summary": {"covered_lines": 0, "num_statements": 0, "percent_covered": 100.0, "percent_covered_display": "100", "missing_lines": 0, "excluded_lines": 0, "percent_statements_covered": 100.0, "percent_statements_covered_display": "100", "num_branches": 0, "num_partial_branches": 0, "covered_branches": 0, "missing_branches": 0, "percent_branches_covered": 100.0, "percent_branches_covered_display": "100"}, "missing_lines": [], "excluded_lines": [], "start_line": 98, "executed_branches": [], "missing_branches": []}, "BaseAdapter.execute": {"executed_lines": [], "summary": {"covered_lines": 0, "num_statements": 0, "percent_covered": 100.0, "percent_covered_display": "100", "missing_lines": 0, "excluded_lines": 0, "percent_statements_covered": 100.0, "percent_statements_covered_display": "100", "num_branches": 0, "num_partial_branches": 0, "covered_branches": 0, "missing_branches": 0, "percent_branches_covered": 100.0, "percent_branches_covered_display": "100"}, "missing_lines": [], "excluded_lines": [], "start_line": 102, "executed_branches": [], "missing_branches": []}, "": {"executed_lines": [3, 5, 6, 7, 9, 10, 13, 17, 21, 25, 26, 27, 28, 29, 30, 38, 44, 45, 53, 91, 92, 97, 98, 101, 102], "summary": {"covered_lines": 25, "num_statements": 25, "percent_covered": 100.0, "percent_covered_display": "100", "missing_lines": 0, "excluded_lines": 0, "percent_statements_covered": 100.0, "percent_statements_covered_display": "100", "num_branches": 0, "num_partial_branches": 0, "covered_branches": 0, "missing_branches": 0, "percent_branches_covered": 100.0, "percent_branches_covered_display": "100"}, "missing_lines": [], "excluded_lines": [], "start_line": 1, "executed_branches": [], "missing_branches": []}}, "classes": {"AdapterError": {"executed_lines": [], "summary": {"covered_lines": 0, "num_statements": 0, "percent_covered": 100.0, "percent_covered_display": "100", "missing_lines": 0, "excluded_lines": 0, "percent_statements_covered": 100.0, "percent_statements_covered_display": "100", "num_branches": 0, "num_partial_branches": 0, "covered_branches": 0, "missing_branches": 0, "percent_branches_covered": 100.0, "percent_branches_covered_display": "100"}, "missing_lines": [], "excluded_lines": [], "start_line": 13, "executed_branches": [], "missing_branches": []}, "DataUnavailableError": {"executed_lines": [], "summary": {"covered_lines": 0, "num_statements": 0, "percent_covered": 100.0, "percent_covered_display": "100", "missing_lines": 0, "excluded_lines": 0, "percent_statements_covered": 100.0, "percent_statements_covered_display": "100", "num_branches": 0, "num_partial_branches": 0, "covered_branches": 0, "missing_branches": 0, "percent_branches_covered": 100.0, "percent_branches_covered_display": "100"}, "missing_lines": [], "excluded_lines": [], "start_line": 17, "executed_branches": [], "missing_branches": []}, "UnmeasurableError": {"executed_lines": [], "summary": {"covered_lines": 0, "num_statements": 0, "percent_covered": 100.0, "percent_covered_display": "100", "missing_lines": 0, "excluded_lines": 0, "percent_statements_covered": 100.0, "percent_statements_covered_display": "100", "num_branches": 0, "num_partial_branches": 0, "covered_branches": 0, "missing_branches": 0, "percent_branches_covered": 100.0, "percent_branches_covered_display": "100"}, "missing_lines": [], "excluded_lines": [], "start_line": 21, "executed_branches": [], "missing_branches": []}, "BaseAdapter": {"executed_lines": [39, 40, 46, 47, 54, 55, 56, 57, 58, 59, 60, 61, 62, 65, 66, 67, 68, 72, 73, 74, 75, 76, 77], "summary": {"covered_lines": 23, "num_statements": 26, "percent_covered": 80.0, "percent_covered_display": "80", "missing_lines": 3, "excluded_lines": 0, "percent_statements_covered": 88.46153846153847, "percent_statements_covered_display": "88", "num_branches": 14, "num_partial_branches": 1, "covered_branches": 9, "missing_branches": 5, "percent_branches_covered": 64.28571428571429, "percent_branches_covered_display": "64"}, "missing_lines": [69, 70, 71], "excluded_lines": [], "start_line": 25, "executed_branches": [[58, 59], [58, 62], [60, 58], [60, 61], [68, 72], [72, 73], [72, 75], [75, 76], [75, 77]], "missing_branches": [[68, 69], [69, 70], [69, 72], [70, 69], [70, 71]]}, "": {"executed_lines": [3, 5, 6, 7, 9, 10, 13, 17, 21, 25, 26, 27, 28, 29, 30, 38, 44, 45, 53, 91, 92, 97, 98, 101, 102], "summary": {"covered_lines": 25, "num_statements": 25, "percent_covered": 100.0, "percent_covered_display": "100", "missing_lines": 0, "excluded_lines": 0, "percent_statements_covered": 100.0, "percent_statements_covered_display": "100", "num_branches": 0, "num_partial_branches": 0, "covered_branches": 0, "missing_branches": 0, "percent_branches_covered": 100.0, "percent_branches_covered_display": "100"}, "missing_lines": [], "excluded_lines": [], "start_line": 1, "executed_branches": [], "missing_branches": []}}}, "src\\medprov\\adapters\\eicu.py": {"executed_lines": [3, 5, 6, 8, 9, 10, 12, 15, 16, 17, 18, 20, 21, 22, 23, 32, 33, 34, 35, 36, 39, 46, 51, 52, 53, 65, 76, 77, 78, 79, 80, 84, 87, 91, 106, 107, 108, 111, 112, 129, 156], "summary": {"covered_lines": 41, "num_statements": 68, "percent_covered": 53.26086956521739, "percent_covered_display": "53", "missing_lines": 27, "excluded_lines": 0, "percent_statements_covered": 60.294117647058826, "percent_statements_covered_display": "60", "num_branches": 24, "num_partial_branches": 8, "covered_branches": 8, "missing_branches": 16, "percent_branches_covered": 33.333333333333336, "percent_branches_covered_display": "33"}, "missing_lines": [24, 25, 26, 27, 28, 29, 30, 40, 54, 66, 88, 113, 114, 115, 130, 131, 132, 133, 134, 157, 158, 165, 172, 173, 178, 194, 195], "excluded_lines": [], "executed_branches": [[22, 23], [39, 46], [53, 65], [65, 76], [77, 78], [79, 80], [87, 91], [111, 112]], "missing_branches": [[22, 24], [25, 26], [25, 28], [28, 29], [28, 30], [39, 40], [53, 54], [65, 66], [77, 79], [79, 84], [87, 88], [111, 113], [132, 133], [132, 134], [172, 173], [172, 194]], "functions": {"EicuAdapter._members": {"executed_lines": [22, 23], "summary": {"covered_lines": 2, "num_statements": 9, "percent_covered": 20.0, "percent_covered_display": "20", "missing_lines": 7, "excluded_lines": 0, "percent_statements_covered": 22.22222222222222, "percent_statements_covered_display": "22", "num_branches": 6, "num_partial_branches": 1, "covered_branches": 1, "missing_branches": 5, "percent_branches_covered": 16.666666666666668, "percent_branches_covered_display": "17"}, "missing_lines": [24, 25, 26, 27, 28, 29, 30], "excluded_lines": [], "start_line": 21, "executed_branches": [[22, 23]], "missing_branches": [[22, 24], [25, 26], [25, 28], [28, 29], [28, 30]]}, "EicuAdapter.inspect_source": {"executed_lines": [33, 34, 35, 36, 39, 46, 51, 52, 53, 65, 76, 77, 78, 79, 80, 84, 87, 91], "summary": {"covered_lines": 18, "num_statements": 22, "percent_covered": 70.58823529411765, "percent_covered_display": "71", "missing_lines": 4, "excluded_lines": 0, "percent_statements_covered": 81.81818181818181, "percent_statements_covered_display": "82", "num_branches": 12, "num_partial_branches": 6, "covered_branches": 6, "missing_branches": 6, "percent_branches_covered": 50.0, "percent_branches_covered_display": "50"}, "missing_lines": [40, 54, 66, 88], "excluded_lines": [], "start_line": 32, "executed_branches": [[39, 46], [53, 65], [65, 76], [77, 78], [79, 80], [87, 91]], "missing_branches": [[39, 40], [53, 54], [65, 66], [77, 79], [79, 84], [87, 88]]}, "EicuAdapter.capability": {"executed_lines": [107, 108, 111, 112], "summary": {"covered_lines": 4, "num_statements": 7, "percent_covered": 55.55555555555556, "percent_covered_display": "56", "missing_lines": 3, "excluded_lines": 0, "percent_statements_covered": 57.142857142857146, "percent_statements_covered_display": "57", "num_branches": 2, "num_partial_branches": 1, "covered_branches": 1, "missing_branches": 1, "percent_branches_covered": 50.0, "percent_branches_covered_display": "50"}, "missing_lines": [113, 114, 115], "excluded_lines": [], "start_line": 106, "executed_branches": [[111, 112]], "missing_branches": [[111, 113]]}, "EicuAdapter.compile": {"executed_lines": [], "summary": {"covered_lines": 0, "num_statements": 5, "percent_covered": 0.0, "percent_covered_display": "0", "missing_lines": 5, "excluded_lines": 0, "percent_statements_covered": 0.0, "percent_statements_covered_display": "0", "num_branches": 2, "num_partial_branches": 0, "covered_branches": 0, "missing_branches": 2, "percent_branches_covered": 0.0, "percent_branches_covered_display": "0"}, "missing_lines": [130, 131, 132, 133, 134], "excluded_lines": [], "start_line": 129, "executed_branches": [], "missing_branches": [[132, 133], [132, 134]]}, "EicuAdapter.execute": {"executed_lines": [], "summary": {"covered_lines": 0, "num_statements": 8, "percent_covered": 0.0, "percent_covered_display": "0", "missing_lines": 8, "excluded_lines": 0, "percent_statements_covered": 0.0, "percent_statements_covered_display": "0", "num_branches": 2, "num_partial_branches": 0, "covered_branches": 0, "missing_branches": 2, "percent_branches_covered": 0.0, "percent_branches_covered_display": "0"}, "missing_lines": [157, 158, 165, 172, 173, 178, 194, 195], "excluded_lines": [], "start_line": 156, "executed_branches": [], "missing_branches": [[172, 173], [172, 194]]}, "": {"executed_lines": [3, 5, 6, 8, 9, 10, 12, 15, 16, 17, 18, 20, 21, 32, 106, 129, 156], "summary": {"covered_lines": 17, "num_statements": 17, "percent_covered": 100.0, "percent_covered_display": "100", "missing_lines": 0, "excluded_lines": 0, "percent_statements_covered": 100.0, "percent_statements_covered_display": "100", "num_branches": 0, "num_partial_branches": 0, "covered_branches": 0, "missing_branches": 0, "percent_branches_covered": 100.0, "percent_branches_covered_display": "100"}, "missing_lines": [], "excluded_lines": [], "start_line": 1, "executed_branches": [], "missing_branches": []}}, "classes": {"EicuAdapter": {"executed_lines": [22, 23, 33, 34, 35, 36, 39, 46, 51, 52, 53, 65, 76, 77, 78, 79, 80, 84, 87, 91, 107, 108, 111, 112], "summary": {"covered_lines": 24, "num_statements": 51, "percent_covered": 42.666666666666664, "percent_covered_display": "43", "missing_lines": 27, "excluded_lines": 0, "percent_statements_covered": 47.05882352941177, "percent_statements_covered_display": "47", "num_branches": 24, "num_partial_branches": 8, "covered_branches": 8, "missing_branches": 16, "percent_branches_covered": 33.333333333333336, "percent_branches_covered_display": "33"}, "missing_lines": [24, 25, 26, 27, 28, 29, 30, 40, 54, 66, 88, 113, 114, 115, 130, 131, 132, 133, 134, 157, 158, 165, 172, 173, 178, 194, 195], "excluded_lines": [], "start_line": 15, "executed_branches": [[22, 23], [39, 46], [53, 65], [65, 76], [77, 78], [79, 80], [87, 91], [111, 112]], "missing_branches": [[22, 24], [25, 26], [25, 28], [28, 29], [28, 30], [39, 40], [53, 54], [65, 66], [77, 79], [79, 84], [87, 88], [111, 113], [132, 133], [132, 134], [172, 173], [172, 194]]}, "": {"executed_lines": [3, 5, 6, 8, 9, 10, 12, 15, 16, 17, 18, 20, 21, 32, 106, 129, 156], "summary": {"covered_lines": 17, "num_statements": 17, "percent_covered": 100.0, "percent_covered_display": "100", "missing_lines": 0, "excluded_lines": 0, "percent_statements_covered": 100.0, "percent_statements_covered_display": "100", "num_branches": 0, "num_partial_branches": 0, "covered_branches": 0, "missing_branches": 0, "percent_branches_covered": 100.0, "percent_branches_covered_display": "100"}, "missing_lines": [], "excluded_lines": [], "start_line": 1, "executed_branches": [], "missing_branches": []}}}, "src\\medprov\\adapters\\mimic_fhir.py": {"executed_lines": [3, 5, 6, 7, 8, 10, 11, 12, 14, 16, 21, 22, 25, 26, 27, 28, 30, 31, 32, 33, 34, 36, 37, 38, 40, 42, 43, 46, 47, 48, 50, 52, 53, 54, 55, 56, 57, 58, 59, 60, 62, 63, 64, 65, 67, 69, 70, 75, 76, 77, 78, 79, 80, 81, 82, 84, 85, 86, 91, 92, 93, 94, 101, 103, 104, 105, 106, 107, 108, 109, 110, 111, 113, 114, 115, 116, 118, 119, 121, 123, 124, 125, 126, 127, 129, 130, 131, 142, 144, 146, 160, 161, 162, 164, 165, 166, 167, 168, 169, 170, 171, 172, 177, 178, 184, 189, 190, 208, 248, 249, 250, 251, 254, 255, 257, 258, 271, 272, 275, 276, 277, 278, 279, 299, 301, 302, 309, 310, 311, 338, 339, 361, 362, 365, 366, 370, 371, 372, 373, 375, 376, 377, 378, 381, 382, 383, 391, 398, 419, 420, 421, 422, 423, 424, 425, 426, 427, 428, 429, 430, 431, 432, 433, 434, 435, 436, 438, 441, 448, 450, 451, 452, 454, 455, 462, 463, 464, 465, 466, 467, 468, 469, 470, 474, 475, 479, 480, 483, 486, 490], "summary": {"covered_lines": 190, "num_statements": 314, "percent_covered": 51.42857142857143, "percent_covered_display": "51", "missing_lines": 124, "excluded_lines": 0, "percent_statements_covered": 60.50955414012739, "percent_statements_covered_display": "61", "num_branches": 176, "num_partial_branches": 34, "covered_branches": 62, "missing_branches": 114, "percent_branches_covered": 35.22727272727273, "percent_branches_covered_display": "35"}, "missing_lines": [41, 44, 49, 66, 68, 71, 72, 73, 117, 120, 128, 141, 143, 145, 147, 148, 149, 150, 151, 152, 153, 154, 155, 156, 157, 158, 159, 173, 185, 209, 210, 252, 253, 259, 260, 261, 262, 263, 264, 265, 266, 267, 268, 269, 280, 281, 282, 283, 284, 285, 286, 287, 288, 289, 290, 291, 292, 293, 294, 295, 296, 297, 298, 312, 313, 314, 315, 316, 317, 318, 319, 320, 321, 322, 323, 324, 325, 326, 327, 328, 329, 330, 331, 332, 333, 334, 335, 336, 340, 341, 342, 343, 344, 345, 346, 347, 348, 349, 350, 351, 352, 353, 354, 355, 356, 357, 358, 359, 374, 379, 399, 437, 442, 443, 444, 446, 447, 449, 453, 456, 457, 459, 460, 461], "excluded_lines": [], "executed_branches": [[32, 33], [32, 34], [40, 42], [42, 43], [48, 50], [55, 56], [55, 60], [57, 55], [57, 58], [58, 57], [58, 59], [65, 67], [67, 69], [69, 70], [78, 79], [78, 82], [80, 81], [91, 92], [91, 93], [105, -103], [105, 106], [107, 105], [107, 108], [108, 109], [110, 111], [116, 118], [119, 121], [126, 127], [126, 160], [127, 129], [129, 130], [131, 142], [142, 144], [144, 146], [146, 126], [160, 161], [170, 171], [170, 172], [172, 177], [184, 189], [251, 254], [277, 278], [277, 299], [278, 279], [310, 311], [370, 371], [372, 373], [373, 375], [375, 376], [377, 378], [398, 419], [434, 435], [434, 466], [436, 438], [441, 448], [448, 450], [452, 454], [454, 455], [464, 434], [464, 465], [468, 469], [468, 480]], "missing_branches": [[40, 41], [42, 44], [48, 49], [65, 66], [67, 68], [69, 71], [71, 72], [71, 73], [80, 78], [108, 107], [110, 107], [116, 117], [119, 120], [127, 128], [129, 131], [131, 141], [142, 143], [144, 145], [146, 147], [147, 148], [147, 149], [150, 151], [150, 152], [152, 153], [152, 154], [154, 155], [154, 158], [156, 154], [156, 157], [158, 146], [158, 159], [160, 162], [172, 173], [184, 185], [251, 252], [252, 251], [252, 253], [259, 260], [259, 261], [263, 264], [263, 265], [265, 266], [265, 269], [266, 267], [266, 268], [278, 280], [282, 283], [282, 285], [283, 282], [283, 284], [287, 288], [287, 289], [289, 290], [289, 291], [291, 277], [291, 292], [292, 293], [292, 294], [296, 291], [296, 297], [310, 312], [313, 314], [313, 319], [315, 316], [315, 319], [317, 318], [317, 319], [321, 322], [321, 323], [324, 325], [324, 332], [325, 326], [325, 332], [326, 327], [326, 328], [332, 333], [332, 334], [334, 335], [334, 336], [340, 341], [340, 342], [343, 344], [343, 345], [345, 346], [345, 347], [347, 348], [347, 357], [348, 349], [348, 356], [350, 351], [350, 352], [352, 348], [352, 353], [354, 352], [354, 355], [357, 358], [357, 359], [370, 379], [372, 379], [373, 374], [375, 372], [377, 372], [398, 399], [436, 437], [441, 442], [442, 443], [442, 446], [448, 449], [452, 453], [454, 456], [456, 457], [456, 459], [460, 461], [460, 462]], "functions": {"MimicFHIRAdapter._files": {"executed_lines": [32, 33, 34, 36, 40, 42, 43], "summary": {"covered_lines": 7, "num_statements": 9, "percent_covered": 73.33333333333333, "percent_covered_display": "73", "missing_lines": 2, "excluded_lines": 0, "percent_statements_covered": 77.77777777777777, "percent_statements_covered_display": "78", "num_branches": 6, "num_partial_branches": 2, "covered_branches": 4, "missing_branches": 2, "percent_branches_covered": 66.66666666666667, "percent_branches_covered_display": "67"}, "missing_lines": [41, 44], "excluded_lines": [], "start_line": 31, "executed_branches": [[32, 33], [32, 34], [40, 42], [42, 43]], "missing_branches": [[40, 41], [42, 44]]}, "MimicFHIRAdapter._files.usable": {"executed_lines": [37, 38], "summary": {"covered_lines": 2, "num_statements": 2, "percent_covered": 100.0, "percent_covered_display": "100", "missing_lines": 0, "excluded_lines": 0, "percent_statements_covered": 100.0, "percent_statements_covered_display": "100", "num_branches": 0, "num_partial_branches": 0, "covered_branches": 0, "missing_branches": 0, "percent_branches_covered": 100.0, "percent_branches_covered_display": "100"}, "missing_lines": [], "excluded_lines": [], "start_line": 36, "executed_branches": [], "missing_branches": []}, "MimicFHIRAdapter._open_text": {"executed_lines": [48, 50], "summary": {"covered_lines": 2, "num_statements": 3, "percent_covered": 60.0, "percent_covered_display": "60", "missing_lines": 1, "excluded_lines": 0, "percent_statements_covered": 66.66666666666667, "percent_statements_covered_display": "67", "num_branches": 2, "num_partial_branches": 1, "covered_branches": 1, "missing_branches": 1, "percent_branches_covered": 50.0, "percent_branches_covered_display": "50"}, "missing_lines": [49], "excluded_lines": [], "start_line": 47, "executed_branches": [[48, 50]], "missing_branches": [[48, 49]]}, "MimicFHIRAdapter._resource_types": {"executed_lines": [54, 55, 56, 57, 58, 59, 60], "summary": {"covered_lines": 7, "num_statements": 7, "percent_covered": 100.0, "percent_covered_display": "100", "missing_lines": 0, "excluded_lines": 0, "percent_statements_covered": 100.0, "percent_statements_covered_display": "100", "num_branches": 6, "num_partial_branches": 0, "covered_branches": 6, "missing_branches": 0, "percent_branches_covered": 100.0, "percent_branches_covered_display": "100"}, "missing_lines": [], "excluded_lines": [], "start_line": 53, "executed_branches": [[55, 56], [55, 60], [57, 55], [57, 58], [58, 57], [58, 59]], "missing_branches": []}, "MimicFHIRAdapter._event_profile_from_filename": {"executed_lines": [64, 65, 67, 69, 70], "summary": {"covered_lines": 5, "num_statements": 10, "percent_covered": 44.44444444444444, "percent_covered_display": "44", "missing_lines": 5, "excluded_lines": 0, "percent_statements_covered": 50.0, "percent_statements_covered_display": "50", "num_branches": 8, "num_partial_branches": 3, "covered_branches": 3, "missing_branches": 5, "percent_branches_covered": 37.5, "percent_branches_covered_display": "38"}, "missing_lines": [66, 68, 71, 72, 73], "excluded_lines": [], "start_line": 63, "executed_branches": [[65, 67], [67, 69], [69, 70]], "missing_branches": [[65, 66], [67, 68], [69, 71], [71, 72], [71, 73]]}, "MimicFHIRAdapter._selected_event_files": {"executed_lines": [77, 78, 79, 80, 81, 82], "summary": {"covered_lines": 6, "num_statements": 6, "percent_covered": 90.0, "percent_covered_display": "90", "missing_lines": 0, "excluded_lines": 0, "percent_statements_covered": 100.0, "percent_statements_covered_display": "100", "num_branches": 4, "num_partial_branches": 1, "covered_branches": 3, "missing_branches": 1, "percent_branches_covered": 75.0, "percent_branches_covered_display": "75"}, "missing_lines": [], "excluded_lines": [], "start_line": 76, "executed_branches": [[78, 79], [78, 82], [80, 81]], "missing_branches": [[80, 78]]}, "MimicFHIRAdapter._event_resources": {"executed_lines": [86, 91, 92, 93, 94, 101], "summary": {"covered_lines": 6, "num_statements": 6, "percent_covered": 100.0, "percent_covered_display": "100", "missing_lines": 0, "excluded_lines": 0, "percent_statements_covered": 100.0, "percent_statements_covered_display": "100", "num_branches": 2, "num_partial_branches": 0, "covered_branches": 2, "missing_branches": 0, "percent_branches_covered": 100.0, "percent_branches_covered_display": "100"}, "missing_lines": [], "excluded_lines": [], "start_line": 85, "executed_branches": [[91, 92], [91, 93]], "missing_branches": []}, "MimicFHIRAdapter._iter_resources": {"executed_lines": [105, 106, 107, 108, 109, 110, 111], "summary": {"covered_lines": 7, "num_statements": 7, "percent_covered": 86.66666666666667, "percent_covered_display": "87", "missing_lines": 0, "excluded_lines": 0, "percent_statements_covered": 100.0, "percent_statements_covered_display": "100", "num_branches": 8, "num_partial_branches": 2, "covered_branches": 6, "missing_branches": 2, "percent_branches_covered": 75.0, "percent_branches_covered_display": "75"}, "missing_lines": [], "excluded_lines": [], "start_line": 104, "executed_branches": [[105, -103], [105, 106], [107, 105], [107, 108], [108, 109], [110, 111]], "missing_branches": [[108, 107], [110, 107]]}, "MimicFHIRAdapter._dosage_blocks": {"executed_lines": [115, 116, 118, 119, 121], "summary": {"covered_lines": 5, "num_statements": 7, "percent_covered": 63.63636363636363, "percent_covered_display": "64", "missing_lines": 2, "excluded_lines": 0, "percent_statements_covered": 71.42857142857143, "percent_statements_covered_display": "71", "num_branches": 4, "num_partial_branches": 2, "covered_branches": 2, "missing_branches": 2, "percent_branches_covered": 50.0, "percent_branches_covered_display": "50"}, "missing_lines": [117, 120], "excluded_lines": [], "start_line": 114, "executed_branches": [[116, 118], [119, 121]], "missing_branches": [[116, 117], [119, 120]]}, "MimicFHIRAdapter._discover_fields": {"executed_lines": [125, 126, 127, 129, 130, 131, 142, 144, 146, 160, 161, 162], "summary": {"covered_lines": 12, "num_statements": 29, "percent_covered": 36.8421052631579, "percent_covered_display": "37", "missing_lines": 17, "excluded_lines": 0, "percent_statements_covered": 41.37931034482759, "percent_statements_covered_display": "41", "num_branches": 28, "num_partial_branches": 7, "covered_branches": 9, "missing_branches": 19, "percent_branches_covered": 32.142857142857146, "percent_branches_covered_display": "32"}, "missing_lines": [128, 141, 143, 145, 147, 148, 149, 150, 151, 152, 153, 154, 155, 156, 157, 158, 159], "excluded_lines": [], "start_line": 124, "executed_branches": [[126, 127], [126, 160], [127, 129], [129, 130], [131, 142], [142, 144], [144, 146], [146, 126], [160, 161]], "missing_branches": [[127, 128], [129, 131], [131, 141], [142, 143], [144, 145], [146, 147], [147, 148], [147, 149], [150, 151], [150, 152], [152, 153], [152, 154], [154, 155], [154, 158], [156, 154], [156, 157], [158, 146], [158, 159], [160, 162]]}, "MimicFHIRAdapter.inspect_source": {"executed_lines": [165, 166, 167, 168, 169, 170, 171, 172, 177, 178, 184, 189, 190], "summary": {"covered_lines": 13, "num_statements": 15, "percent_covered": 80.95238095238095, "percent_covered_display": "81", "missing_lines": 2, "excluded_lines": 0, "percent_statements_covered": 86.66666666666667, "percent_statements_covered_display": "87", "num_branches": 6, "num_partial_branches": 2, "covered_branches": 4, "missing_branches": 2, "percent_branches_covered": 66.66666666666667, "percent_branches_covered_display": "67"}, "missing_lines": [173, 185], "excluded_lines": [], "start_line": 164, "executed_branches": [[170, 171], [170, 172], [172, 177], [184, 189]], "missing_branches": [[172, 173], [184, 185]]}, "MimicFHIRAdapter.compile": {"executed_lines": [], "summary": {"covered_lines": 0, "num_statements": 2, "percent_covered": 0.0, "percent_covered_display": "0", "missing_lines": 2, "excluded_lines": 0, "percent_statements_covered": 0.0, "percent_statements_covered_display": "0", "num_branches": 0, "num_partial_branches": 0, "covered_branches": 0, "missing_branches": 0, "percent_branches_covered": 100.0, "percent_branches_covered_display": "100"}, "missing_lines": [209, 210], "excluded_lines": [], "start_line": 208, "executed_branches": [], "missing_branches": []}, "MimicFHIRAdapter._synthetic_class": {"executed_lines": [250, 251, 254, 255], "summary": {"covered_lines": 4, "num_statements": 6, "percent_covered": 50.0, "percent_covered_display": "50", "missing_lines": 2, "excluded_lines": 0, "percent_statements_covered": 66.66666666666667, "percent_statements_covered_display": "67", "num_branches": 4, "num_partial_branches": 1, "covered_branches": 1, "missing_branches": 3, "percent_branches_covered": 25.0, "percent_branches_covered_display": "25"}, "missing_lines": [252, 253], "excluded_lines": [], "start_line": 249, "executed_branches": [[251, 254]], "missing_branches": [[251, 252], [252, 251], [252, 253]]}, "MimicFHIRAdapter._coding_values": {"executed_lines": [], "summary": {"covered_lines": 0, "num_statements": 11, "percent_covered": 0.0, "percent_covered_display": "0", "missing_lines": 11, "excluded_lines": 0, "percent_statements_covered": 0.0, "percent_statements_covered_display": "0", "num_branches": 8, "num_partial_branches": 0, "covered_branches": 0, "missing_branches": 8, "percent_branches_covered": 0.0, "percent_branches_covered_display": "0"}, "missing_lines": [259, 260, 261, 262, 263, 264, 265, 266, 267, 268, 269], "excluded_lines": [], "start_line": 258, "executed_branches": [], "missing_branches": [[259, 260], [259, 261], [263, 264], [263, 265], [265, 266], [265, 269], [266, 267], [266, 268]]}, "MimicFHIRAdapter._medication_maps": {"executed_lines": [275, 276, 277, 278, 279, 299], "summary": {"covered_lines": 6, "num_statements": 25, "percent_covered": 20.930232558139537, "percent_covered_display": "21", "missing_lines": 19, "excluded_lines": 0, "percent_statements_covered": 24.0, "percent_statements_covered_display": "24", "num_branches": 18, "num_partial_branches": 1, "covered_branches": 3, "missing_branches": 15, "percent_branches_covered": 16.666666666666668, "percent_branches_covered_display": "17"}, "missing_lines": [280, 281, 282, 283, 284, 285, 286, 287, 288, 289, 290, 291, 292, 293, 294, 295, 296, 297, 298], "excluded_lines": [], "start_line": 272, "executed_branches": [[277, 278], [277, 299], [278, 279]], "missing_branches": [[278, 280], [282, 283], [282, 285], [283, 282], [283, 284], [287, 288], [287, 289], [289, 290], [289, 291], [291, 277], [291, 292], [292, 293], [292, 294], [296, 291], [296, 297]]}, "MimicFHIRAdapter._resource_class": {"executed_lines": [309, 310, 311], "summary": {"covered_lines": 3, "num_statements": 28, "percent_covered": 8.333333333333334, "percent_covered_display": "8", "missing_lines": 25, "excluded_lines": 0, "percent_statements_covered": 10.714285714285714, "percent_statements_covered_display": "11", "num_branches": 20, "num_partial_branches": 1, "covered_branches": 1, "missing_branches": 19, "percent_branches_covered": 5.0, "percent_branches_covered_display": "5"}, "missing_lines": [312, 313, 314, 315, 316, 317, 318, 319, 320, 321, 322, 323, 324, 325, 326, 327, 328, 329, 330, 331, 332, 333, 334, 335, 336], "excluded_lines": [], "start_line": 302, "executed_branches": [[310, 311]], "missing_branches": [[310, 312], [313, 314], [313, 319], [315, 316], [315, 319], [317, 318], [317, 319], [321, 322], [321, 323], [324, 325], [324, 332], [325, 326], [325, 332], [326, 327], [326, 328], [332, 333], [332, 334], [334, 335], [334, 336]]}, "MimicFHIRAdapter._has_required": {"executed_lines": [], "summary": {"covered_lines": 0, "num_statements": 20, "percent_covered": 0.0, "percent_covered_display": "0", "missing_lines": 20, "excluded_lines": 0, "percent_statements_covered": 0.0, "percent_statements_covered_display": "0", "num_branches": 18, "num_partial_branches": 0, "covered_branches": 0, "missing_branches": 18, "percent_branches_covered": 0.0, "percent_branches_covered_display": "0"}, "missing_lines": [340, 341, 342, 343, 344, 345, 346, 347, 348, 349, 350, 351, 352, 353, 354, 355, 356, 357, 358, 359], "excluded_lines": [], "start_line": 339, "executed_branches": [], "missing_branches": [[340, 341], [340, 342], [343, 344], [343, 345], [345, 346], [345, 347], [347, 348], [347, 357], [348, 349], [348, 356], [350, 351], [350, 352], [352, 348], [352, 353], [354, 352], [354, 355], [357, 358], [357, 359]]}, "MimicFHIRAdapter._native_unit_id": {"executed_lines": [365, 366, 370, 371, 372, 373, 375, 376, 377, 378], "summary": {"covered_lines": 10, "num_statements": 12, "percent_covered": 68.18181818181819, "percent_covered_display": "68", "missing_lines": 2, "excluded_lines": 0, "percent_statements_covered": 83.33333333333333, "percent_statements_covered_display": "83", "num_branches": 10, "num_partial_branches": 5, "covered_branches": 5, "missing_branches": 5, "percent_branches_covered": 50.0, "percent_branches_covered_display": "50"}, "missing_lines": [374, 379], "excluded_lines": [], "start_line": 362, "executed_branches": [[370, 371], [372, 373], [373, 375], [375, 376], [377, 378]], "missing_branches": [[370, 379], [372, 379], [373, 374], [375, 372], [377, 372]]}, "MimicFHIRAdapter.execute": {"executed_lines": [382, 383, 391, 398, 419, 420, 421, 422, 423, 424, 425, 426, 427, 428, 429, 430, 431, 432, 433, 434, 435, 436, 438, 441, 448, 450, 451, 452, 454, 455, 462, 463, 464, 465, 466, 467, 468, 469, 470, 474, 475, 479, 480, 483, 486, 490], "summary": {"covered_lines": 46, "num_statements": 60, "percent_covered": 69.04761904761905, "percent_covered_display": "69", "missing_lines": 14, "excluded_lines": 0, "percent_statements_covered": 76.66666666666667, "percent_statements_covered_display": "77", "num_branches": 24, "num_partial_branches": 6, "covered_branches": 12, "missing_branches": 12, "percent_branches_covered": 50.0, "percent_branches_covered_display": "50"}, "missing_lines": [399, 437, 442, 443, 444, 446, 447, 449, 453, 456, 457, 459, 460, 461], "excluded_lines": [], "start_line": 381, "executed_branches": [[398, 419], [434, 435], [434, 466], [436, 438], [441, 448], [448, 450], [452, 454], [454, 455], [464, 434], [464, 465], [468, 469], [468, 480]], "missing_branches": [[398, 399], [436, 437], [441, 442], [442, 443], [442, 446], [448, 449], [452, 453], [454, 456], [456, 457], [456, 459], [460, 461], [460, 462]]}, "": {"executed_lines": [3, 5, 6, 7, 8, 10, 11, 12, 14, 16, 21, 22, 25, 26, 27, 28, 30, 31, 46, 47, 52, 53, 62, 63, 75, 76, 84, 85, 103, 104, 113, 114, 123, 124, 164, 208, 248, 249, 257, 258, 271, 272, 301, 302, 338, 339, 361, 362, 381], "summary": {"covered_lines": 49, "num_statements": 49, "percent_covered": 100.0, "percent_covered_display": "100", "missing_lines": 0, "excluded_lines": 0, "percent_statements_covered": 100.0, "percent_statements_covered_display": "100", "num_branches": 0, "num_partial_branches": 0, "covered_branches": 0, "missing_branches": 0, "percent_branches_covered": 100.0, "percent_branches_covered_display": "100"}, "missing_lines": [], "excluded_lines": [], "start_line": 1, "executed_branches": [], "missing_branches": []}}, "classes": {"MimicFHIRAdapter": {"executed_lines": [32, 33, 34, 36, 37, 38, 40, 42, 43, 48, 50, 54, 55, 56, 57, 58, 59, 60, 64, 65, 67, 69, 70, 77, 78, 79, 80, 81, 82, 86, 91, 92, 93, 94, 101, 105, 106, 107, 108, 109, 110, 111, 115, 116, 118, 119, 121, 125, 126, 127, 129, 130, 131, 142, 144, 146, 160, 161, 162, 165, 166, 167, 168, 169, 170, 171, 172, 177, 178, 184, 189, 190, 250, 251, 254, 255, 275, 276, 277, 278, 279, 299, 309, 310, 311, 365, 366, 370, 371, 372, 373, 375, 376, 377, 378, 382, 383, 391, 398, 419, 420, 421, 422, 423, 424, 425, 426, 427, 428, 429, 430, 431, 432, 433, 434, 435, 436, 438, 441, 448, 450, 451, 452, 454, 455, 462, 463, 464, 465, 466, 467, 468, 469, 470, 474, 475, 479, 480, 483, 486, 490], "summary": {"covered_lines": 141, "num_statements": 265, "percent_covered": 46.03174603174603, "percent_covered_display": "46", "missing_lines": 124, "excluded_lines": 0, "percent_statements_covered": 53.20754716981132, "percent_statements_covered_display": "53", "num_branches": 176, "num_partial_branches": 34, "covered_branches": 62, "missing_branches": 114, "percent_branches_covered": 35.22727272727273, "percent_branches_covered_display": "35"}, "missing_lines": [41, 44, 49, 66, 68, 71, 72, 73, 117, 120, 128, 141, 143, 145, 147, 148, 149, 150, 151, 152, 153, 154, 155, 156, 157, 158, 159, 173, 185, 209, 210, 252, 253, 259, 260, 261, 262, 263, 264, 265, 266, 267, 268, 269, 280, 281, 282, 283, 284, 285, 286, 287, 288, 289, 290, 291, 292, 293, 294, 295, 296, 297, 298, 312, 313, 314, 315, 316, 317, 318, 319, 320, 321, 322, 323, 324, 325, 326, 327, 328, 329, 330, 331, 332, 333, 334, 335, 336, 340, 341, 342, 343, 344, 345, 346, 347, 348, 349, 350, 351, 352, 353, 354, 355, 356, 357, 358, 359, 374, 379, 399, 437, 442, 443, 444, 446, 447, 449, 453, 456, 457, 459, 460, 461], "excluded_lines": [], "start_line": 25, "executed_branches": [[32, 33], [32, 34], [40, 42], [42, 43], [48, 50], [55, 56], [55, 60], [57, 55], [57, 58], [58, 57], [58, 59], [65, 67], [67, 69], [69, 70], [78, 79], [78, 82], [80, 81], [91, 92], [91, 93], [105, -103], [105, 106], [107, 105], [107, 108], [108, 109], [110, 111], [116, 118], [119, 121], [126, 127], [126, 160], [127, 129], [129, 130], [131, 142], [142, 144], [144, 146], [146, 126], [160, 161], [170, 171], [170, 172], [172, 177], [184, 189], [251, 254], [277, 278], [277, 299], [278, 279], [310, 311], [370, 371], [372, 373], [373, 375], [375, 376], [377, 378], [398, 419], [434, 435], [434, 466], [436, 438], [441, 448], [448, 450], [452, 454], [454, 455], [464, 434], [464, 465], [468, 469], [468, 480]], "missing_branches": [[40, 41], [42, 44], [48, 49], [65, 66], [67, 68], [69, 71], [71, 72], [71, 73], [80, 78], [108, 107], [110, 107], [116, 117], [119, 120], [127, 128], [129, 131], [131, 141], [142, 143], [144, 145], [146, 147], [147, 148], [147, 149], [150, 151], [150, 152], [152, 153], [152, 154], [154, 155], [154, 158], [156, 154], [156, 157], [158, 146], [158, 159], [160, 162], [172, 173], [184, 185], [251, 252], [252, 251], [252, 253], [259, 260], [259, 261], [263, 264], [263, 265], [265, 266], [265, 269], [266, 267], [266, 268], [278, 280], [282, 283], [282, 285], [283, 282], [283, 284], [287, 288], [287, 289], [289, 290], [289, 291], [291, 277], [291, 292], [292, 293], [292, 294], [296, 291], [296, 297], [310, 312], [313, 314], [313, 319], [315, 316], [315, 319], [317, 318], [317, 319], [321, 322], [321, 323], [324, 325], [324, 332], [325, 326], [325, 332], [326, 327], [326, 328], [332, 333], [332, 334], [334, 335], [334, 336], [340, 341], [340, 342], [343, 344], [343, 345], [345, 346], [345, 347], [347, 348], [347, 357], [348, 349], [348, 356], [350, 351], [350, 352], [352, 348], [352, 353], [354, 352], [354, 355], [357, 358], [357, 359], [370, 379], [372, 379], [373, 374], [375, 372], [377, 372], [398, 399], [436, 437], [441, 442], [442, 443], [442, 446], [448, 449], [452, 453], [454, 456], [456, 457], [456, 459], [460, 461], [460, 462]]}, "": {"executed_lines": [3, 5, 6, 7, 8, 10, 11, 12, 14, 16, 21, 22, 25, 26, 27, 28, 30, 31, 46, 47, 52, 53, 62, 63, 75, 76, 84, 85, 103, 104, 113, 114, 123, 124, 164, 208, 248, 249, 257, 258, 271, 272, 301, 302, 338, 339, 361, 362, 381], "summary": {"covered_lines": 49, "num_statements": 49, "percent_covered": 100.0, "percent_covered_display": "100", "missing_lines": 0, "excluded_lines": 0, "percent_statements_covered": 100.0, "percent_statements_covered_display": "100", "num_branches": 0, "num_partial_branches": 0, "covered_branches": 0, "missing_branches": 0, "percent_branches_covered": 100.0, "percent_branches_covered_display": "100"}, "missing_lines": [], "excluded_lines": [], "start_line": 1, "executed_branches": [], "missing_branches": []}}}, "src\\medprov\\adapters\\mimic_native.py": {"executed_lines": [9, 11, 12, 13, 14, 15, 17, 19, 20, 21, 23, 26, 27, 28, 29, 31, 32, 33, 35, 36, 37, 38, 40, 41, 56, 57, 62, 63, 76, 77, 78, 79, 80, 81, 82, 87, 88, 92, 93, 94, 95, 96, 97, 99, 101, 102, 103, 104, 109, 110, 111, 114, 115, 116, 118, 119, 120, 122, 125, 150, 151, 152, 153, 154, 155, 156, 164, 165, 166, 167, 168, 169, 170, 179, 180, 181, 184, 185, 189, 190, 191, 192, 193, 194, 195, 196, 197, 198, 199, 204, 205, 206, 209, 225, 227, 228, 229, 230, 231, 232, 235, 239, 241, 242, 243, 244, 245, 246, 251, 261, 263, 264, 265, 266, 267, 268, 269, 274, 275, 278, 285, 287, 288, 314, 315, 316, 317, 318, 319, 326, 331, 363, 527, 528, 529, 537, 539, 540, 545, 546, 550, 551, 552, 553, 554, 557, 558, 559, 581, 582, 583, 584, 585, 586, 587, 588, 589, 590, 591, 592, 593, 594, 595, 606, 615, 616, 623], "summary": {"covered_lines": 167, "num_statements": 288, "percent_covered": 51.470588235294116, "percent_covered_display": "51", "missing_lines": 121, "excluded_lines": 0, "percent_statements_covered": 57.986111111111114, "percent_statements_covered_display": "58", "num_branches": 120, "num_partial_branches": 21, "covered_branches": 43, "missing_branches": 77, "percent_branches_covered": 35.833333333333336, "percent_branches_covered_display": "36"}, "missing_lines": [42, 43, 44, 45, 46, 47, 48, 49, 54, 58, 59, 60, 66, 67, 68, 69, 70, 71, 72, 73, 74, 98, 112, 126, 127, 128, 129, 130, 131, 132, 133, 134, 135, 136, 139, 172, 175, 210, 211, 212, 213, 214, 215, 223, 224, 226, 236, 247, 248, 250, 277, 289, 321, 370, 377, 378, 394, 395, 398, 401, 404, 405, 406, 407, 412, 417, 424, 425, 426, 427, 428, 429, 430, 431, 432, 433, 434, 435, 436, 437, 438, 439, 442, 443, 444, 446, 447, 448, 449, 450, 451, 452, 453, 454, 455, 460, 461, 462, 465, 466, 467, 468, 469, 470, 471, 472, 473, 474, 476, 477, 478, 479, 480, 487, 488, 495, 496, 500, 503, 506, 538], "excluded_lines": [], "executed_branches": [[79, 80], [79, 81], [81, 82], [81, 88], [95, 96], [97, 99], [103, 104], [109, 110], [110, 111], [125, 150], [165, 166], [169, 170], [179, 180], [179, 189], [181, 184], [181, 189], [190, 191], [190, 196], [193, 194], [197, 198], [197, 235], [199, 204], [225, 227], [230, 231], [235, 239], [245, 246], [268, 269], [268, 274], [274, 275], [288, 314], [315, 316], [315, 318], [318, 319], [537, 539], [539, 540], [539, 581], [546, 550], [552, 553], [557, 558], [590, 591], [590, 615], [592, 593], [592, 606]], "missing_branches": [[42, 43], [42, 44], [45, 46], [45, 47], [47, 48], [47, 49], [58, 59], [58, 60], [67, 68], [67, 74], [69, 70], [69, 71], [72, 67], [72, 73], [95, 97], [97, 98], [103, 112], [109, 103], [110, 109], [125, 126], [129, 130], [129, 132], [134, 135], [134, 139], [165, 179], [169, 172], [193, 196], [199, 210], [210, 211], [210, 225], [213, 214], [213, 224], [225, 226], [230, 235], [235, 236], [245, 247], [247, 248], [247, 250], [274, 277], [288, 289], [318, 321], [377, 378], [377, 394], [431, 432], [431, 496], [435, 436], [435, 437], [438, 431], [438, 439], [442, 443], [442, 448], [443, 444], [443, 446], [450, 451], [450, 452], [454, 455], [454, 466], [455, 460], [455, 462], [460, 454], [460, 461], [462, 454], [462, 465], [467, 468], [467, 469], [469, 470], [469, 471], [471, 472], [471, 473], [473, 474], [473, 476], [477, 478], [477, 479], [537, 538], [546, 559], [552, 559], [557, 559]], "functions": {"MimicNativeAdapter._is_raw_demo": {"executed_lines": [37, 38], "summary": {"covered_lines": 2, "num_statements": 2, "percent_covered": 100.0, "percent_covered_display": "100", "missing_lines": 0, "excluded_lines": 0, "percent_statements_covered": 100.0, "percent_statements_covered_display": "100", "num_branches": 0, "num_partial_branches": 0, "covered_branches": 0, "missing_branches": 0, "percent_branches_covered": 100.0, "percent_branches_covered_display": "100"}, "missing_lines": [], "excluded_lines": [], "start_line": 36, "executed_branches": [], "missing_branches": []}, "MimicNativeAdapter._find_raw_file": {"executed_lines": [], "summary": {"covered_lines": 0, "num_statements": 9, "percent_covered": 0.0, "percent_covered_display": "0", "missing_lines": 9, "excluded_lines": 0, "percent_statements_covered": 0.0, "percent_statements_covered_display": "0", "num_branches": 6, "num_partial_branches": 0, "covered_branches": 0, "missing_branches": 6, "percent_branches_covered": 0.0, "percent_branches_covered_display": "0"}, "missing_lines": [42, 43, 44, 45, 46, 47, 48, 49, 54], "excluded_lines": [], "start_line": 41, "executed_branches": [], "missing_branches": [[42, 43], [42, 44], [45, 46], [45, 47], [47, 48], [47, 49]]}, "MimicNativeAdapter._open_csv_text": {"executed_lines": [], "summary": {"covered_lines": 0, "num_statements": 3, "percent_covered": 0.0, "percent_covered_display": "0", "missing_lines": 3, "excluded_lines": 0, "percent_statements_covered": 0.0, "percent_statements_covered_display": "0", "num_branches": 2, "num_partial_branches": 0, "covered_branches": 0, "missing_branches": 2, "percent_branches_covered": 0.0, "percent_branches_covered_display": "0"}, "missing_lines": [58, 59, 60], "excluded_lines": [], "start_line": 57, "executed_branches": [], "missing_branches": [[58, 59], [58, 60]]}, "MimicNativeAdapter._raw_demo_sources": {"executed_lines": [], "summary": {"covered_lines": 0, "num_statements": 9, "percent_covered": 0.0, "percent_covered_display": "0", "missing_lines": 9, "excluded_lines": 0, "percent_statements_covered": 0.0, "percent_statements_covered_display": "0", "num_branches": 6, "num_partial_branches": 0, "covered_branches": 0, "missing_branches": 6, "percent_branches_covered": 0.0, "percent_branches_covered_display": "0"}, "missing_lines": [66, 67, 68, 69, 70, 71, 72, 73, 74], "excluded_lines": [], "start_line": 63, "executed_branches": [], "missing_branches": [[67, 68], [67, 74], [69, 70], [69, 71], [72, 67], [72, 73]]}, "MimicNativeAdapter._reference_for_spec": {"executed_lines": [78, 79, 80, 81, 82, 87, 88], "summary": {"covered_lines": 7, "num_statements": 7, "percent_covered": 100.0, "percent_covered_display": "100", "missing_lines": 0, "excluded_lines": 0, "percent_statements_covered": 100.0, "percent_statements_covered_display": "100", "num_branches": 4, "num_partial_branches": 0, "covered_branches": 4, "missing_branches": 0, "percent_branches_covered": 100.0, "percent_branches_covered_display": "100"}, "missing_lines": [], "excluded_lines": [], "start_line": 77, "executed_branches": [[79, 80], [79, 81], [81, 82], [81, 88]], "missing_branches": []}, "MimicNativeAdapter._candidate_roots": {"executed_lines": [94, 95, 96, 97, 99], "summary": {"covered_lines": 5, "num_statements": 6, "percent_covered": 70.0, "percent_covered_display": "70", "missing_lines": 1, "excluded_lines": 0, "percent_statements_covered": 83.33333333333333, "percent_statements_covered_display": "83", "num_branches": 4, "num_partial_branches": 2, "covered_branches": 2, "missing_branches": 2, "percent_branches_covered": 50.0, "percent_branches_covered_display": "50"}, "missing_lines": [98], "excluded_lines": [], "start_line": 93, "executed_branches": [[95, 96], [97, 99]], "missing_branches": [[95, 97], [97, 98]]}, "MimicNativeAdapter._find_database": {"executed_lines": [103, 104, 109, 110, 111], "summary": {"covered_lines": 5, "num_statements": 6, "percent_covered": 66.66666666666667, "percent_covered_display": "67", "missing_lines": 1, "excluded_lines": 0, "percent_statements_covered": 83.33333333333333, "percent_statements_covered_display": "83", "num_branches": 6, "num_partial_branches": 3, "covered_branches": 3, "missing_branches": 3, "percent_branches_covered": 50.0, "percent_branches_covered_display": "50"}, "missing_lines": [112], "excluded_lines": [], "start_line": 102, "executed_branches": [[103, 104], [109, 110], [110, 111]], "missing_branches": [[103, 112], [109, 103], [110, 109]]}, "MimicNativeAdapter._table_columns": {"executed_lines": [116], "summary": {"covered_lines": 1, "num_statements": 1, "percent_covered": 100.0, "percent_covered_display": "100", "missing_lines": 0, "excluded_lines": 0, "percent_statements_covered": 100.0, "percent_statements_covered_display": "100", "num_branches": 0, "num_partial_branches": 0, "covered_branches": 0, "missing_branches": 0, "percent_branches_covered": 100.0, "percent_branches_covered_display": "100"}, "missing_lines": [], "excluded_lines": [], "start_line": 115, "executed_branches": [], "missing_branches": []}, "MimicNativeAdapter._tables": {"executed_lines": [120], "summary": {"covered_lines": 1, "num_statements": 1, "percent_covered": 100.0, "percent_covered_display": "100", "missing_lines": 0, "excluded_lines": 0, "percent_statements_covered": 100.0, "percent_statements_covered_display": "100", "num_branches": 0, "num_partial_branches": 0, "covered_branches": 0, "missing_branches": 0, "percent_branches_covered": 100.0, "percent_branches_covered_display": "100"}, "missing_lines": [], "excluded_lines": [], "start_line": 119, "executed_branches": [], "missing_branches": []}, "MimicNativeAdapter.inspect_source": {"executed_lines": [125, 150, 151, 152, 153, 154, 155, 156, 164, 165, 166, 167, 168, 169, 170, 179, 180, 181, 184, 185, 189, 190, 191, 192, 193, 194, 195, 196, 197, 198, 199, 204, 205, 206, 209, 225, 227, 228, 229, 230, 231, 232, 235, 239], "summary": {"covered_lines": 44, "num_statements": 68, "percent_covered": 60.0, "percent_covered_display": "60", "missing_lines": 24, "excluded_lines": 0, "percent_statements_covered": 64.70588235294117, "percent_statements_covered_display": "65", "num_branches": 32, "num_partial_branches": 8, "covered_branches": 16, "missing_branches": 16, "percent_branches_covered": 50.0, "percent_branches_covered_display": "50"}, "missing_lines": [126, 127, 128, 129, 130, 131, 132, 133, 134, 135, 136, 139, 172, 175, 210, 211, 212, 213, 214, 215, 223, 224, 226, 236], "excluded_lines": [], "start_line": 122, "executed_branches": [[125, 150], [165, 166], [169, 170], [179, 180], [179, 189], [181, 184], [181, 189], [190, 191], [190, 196], [193, 194], [197, 198], [197, 235], [199, 204], [225, 227], [230, 231], [235, 239]], "missing_branches": [[125, 126], [129, 130], [129, 132], [134, 135], [134, 139], [165, 179], [169, 172], [193, 196], [199, 210], [210, 211], [210, 225], [213, 214], [213, 224], [225, 226], [230, 235], [235, 236]]}, "MimicNativeAdapter._conversion_sql": {"executed_lines": [242, 243, 244, 245, 246, 251, 261], "summary": {"covered_lines": 7, "num_statements": 10, "percent_covered": 57.142857142857146, "percent_covered_display": "57", "missing_lines": 3, "excluded_lines": 0, "percent_statements_covered": 70.0, "percent_statements_covered_display": "70", "num_branches": 4, "num_partial_branches": 1, "covered_branches": 1, "missing_branches": 3, "percent_branches_covered": 25.0, "percent_branches_covered_display": "25"}, "missing_lines": [247, 248, 250], "excluded_lines": [], "start_line": 241, "executed_branches": [[245, 246]], "missing_branches": [[245, 247], [247, 248], [247, 250]]}, "MimicNativeAdapter._anchor_sql": {"executed_lines": [264, 265, 266, 267, 268, 269, 274, 275, 278, 285], "summary": {"covered_lines": 10, "num_statements": 11, "percent_covered": 86.66666666666667, "percent_covered_display": "87", "missing_lines": 1, "excluded_lines": 0, "percent_statements_covered": 90.9090909090909, "percent_statements_covered_display": "91", "num_branches": 4, "num_partial_branches": 1, "covered_branches": 3, "missing_branches": 1, "percent_branches_covered": 75.0, "percent_branches_covered_display": "75"}, "missing_lines": [277], "excluded_lines": [], "start_line": 263, "executed_branches": [[268, 269], [268, 274], [274, 275]], "missing_branches": [[274, 277]]}, "MimicNativeAdapter.compile": {"executed_lines": [288, 314, 315, 316, 317, 318, 319, 326, 331], "summary": {"covered_lines": 9, "num_statements": 11, "percent_covered": 76.47058823529412, "percent_covered_display": "76", "missing_lines": 2, "excluded_lines": 0, "percent_statements_covered": 81.81818181818181, "percent_statements_covered_display": "82", "num_branches": 6, "num_partial_branches": 2, "covered_branches": 4, "missing_branches": 2, "percent_branches_covered": 66.66666666666667, "percent_branches_covered_display": "67"}, "missing_lines": [289, 321], "excluded_lines": [], "start_line": 287, "executed_branches": [[288, 314], [315, 316], [315, 318], [318, 319]], "missing_branches": [[288, 289], [318, 321]]}, "MimicNativeAdapter._execute_raw_demo": {"executed_lines": [], "summary": {"covered_lines": 0, "num_statements": 67, "percent_covered": 0.0, "percent_covered_display": "0", "missing_lines": 67, "excluded_lines": 0, "percent_statements_covered": 0.0, "percent_statements_covered_display": "0", "num_branches": 32, "num_partial_branches": 0, "covered_branches": 0, "missing_branches": 32, "percent_branches_covered": 0.0, "percent_branches_covered_display": "0"}, "missing_lines": [370, 377, 378, 394, 395, 398, 401, 404, 405, 406, 407, 412, 417, 424, 425, 426, 427, 428, 429, 430, 431, 432, 433, 434, 435, 436, 437, 438, 439, 442, 443, 444, 446, 447, 448, 449, 450, 451, 452, 453, 454, 455, 460, 461, 462, 465, 466, 467, 468, 469, 470, 471, 472, 473, 474, 476, 477, 478, 479, 480, 487, 488, 495, 496, 500, 503, 506], "excluded_lines": [], "start_line": 363, "executed_branches": [], "missing_branches": [[377, 378], [377, 394], [431, 432], [431, 496], [435, 436], [435, 437], [438, 431], [438, 439], [442, 443], [442, 448], [443, 444], [443, 446], [450, 451], [450, 452], [454, 455], [454, 466], [455, 460], [455, 462], [460, 454], [460, 461], [462, 454], [462, 465], [467, 468], [467, 469], [469, 470], [469, 471], [471, 472], [471, 473], [473, 474], [473, 476], [477, 478], [477, 479]]}, "MimicNativeAdapter.execute": {"executed_lines": [528, 529, 537, 539, 540, 545, 546, 550, 551, 552, 553, 554, 557, 558, 559, 581, 582, 583, 584, 585, 586, 587, 588, 589, 590, 591, 592, 593, 594, 595, 606, 615, 616, 623], "summary": {"covered_lines": 34, "num_statements": 35, "percent_covered": 89.79591836734694, "percent_covered_display": "90", "missing_lines": 1, "excluded_lines": 0, "percent_statements_covered": 97.14285714285714, "percent_statements_covered_display": "97", "num_branches": 14, "num_partial_branches": 4, "covered_branches": 10, "missing_branches": 4, "percent_branches_covered": 71.42857142857143, "percent_branches_covered_display": "71"}, "missing_lines": [538], "excluded_lines": [], "start_line": 527, "executed_branches": [[537, 539], [539, 540], [539, 581], [546, 550], [552, 553], [557, 558], [590, 591], [590, 615], [592, 593], [592, 606]], "missing_branches": [[537, 538], [546, 559], [552, 559], [557, 559]]}, "": {"executed_lines": [9, 11, 12, 13, 14, 15, 17, 19, 20, 21, 23, 26, 27, 28, 29, 31, 32, 33, 35, 36, 40, 41, 56, 57, 62, 63, 76, 77, 92, 93, 101, 102, 114, 115, 118, 119, 122, 241, 263, 287, 363, 527], "summary": {"covered_lines": 42, "num_statements": 42, "percent_covered": 100.0, "percent_covered_display": "100", "missing_lines": 0, "excluded_lines": 0, "percent_statements_covered": 100.0, "percent_statements_covered_display": "100", "num_branches": 0, "num_partial_branches": 0, "covered_branches": 0, "missing_branches": 0, "percent_branches_covered": 100.0, "percent_branches_covered_display": "100"}, "missing_lines": [], "excluded_lines": [], "start_line": 1, "executed_branches": [], "missing_branches": []}}, "classes": {"MimicNativeAdapter": {"executed_lines": [37, 38, 78, 79, 80, 81, 82, 87, 88, 94, 95, 96, 97, 99, 103, 104, 109, 110, 111, 116, 120, 125, 150, 151, 152, 153, 154, 155, 156, 164, 165, 166, 167, 168, 169, 170, 179, 180, 181, 184, 185, 189, 190, 191, 192, 193, 194, 195, 196, 197, 198, 199, 204, 205, 206, 209, 225, 227, 228, 229, 230, 231, 232, 235, 239, 242, 243, 244, 245, 246, 251, 261, 264, 265, 266, 267, 268, 269, 274, 275, 278, 285, 288, 314, 315, 316, 317, 318, 319, 326, 331, 528, 529, 537, 539, 540, 545, 546, 550, 551, 552, 553, 554, 557, 558, 559, 581, 582, 583, 584, 585, 586, 587, 588, 589, 590, 591, 592, 593, 594, 595, 606, 615, 616, 623], "summary": {"covered_lines": 125, "num_statements": 246, "percent_covered": 45.90163934426229, "percent_covered_display": "46", "missing_lines": 121, "excluded_lines": 0, "percent_statements_covered": 50.8130081300813, "percent_statements_covered_display": "51", "num_branches": 120, "num_partial_branches": 21, "covered_branches": 43, "missing_branches": 77, "percent_branches_covered": 35.833333333333336, "percent_branches_covered_display": "36"}, "missing_lines": [42, 43, 44, 45, 46, 47, 48, 49, 54, 58, 59, 60, 66, 67, 68, 69, 70, 71, 72, 73, 74, 98, 112, 126, 127, 128, 129, 130, 131, 132, 133, 134, 135, 136, 139, 172, 175, 210, 211, 212, 213, 214, 215, 223, 224, 226, 236, 247, 248, 250, 277, 289, 321, 370, 377, 378, 394, 395, 398, 401, 404, 405, 406, 407, 412, 417, 424, 425, 426, 427, 428, 429, 430, 431, 432, 433, 434, 435, 436, 437, 438, 439, 442, 443, 444, 446, 447, 448, 449, 450, 451, 452, 453, 454, 455, 460, 461, 462, 465, 466, 467, 468, 469, 470, 471, 472, 473, 474, 476, 477, 478, 479, 480, 487, 488, 495, 496, 500, 503, 506, 538], "excluded_lines": [], "start_line": 26, "executed_branches": [[79, 80], [79, 81], [81, 82], [81, 88], [95, 96], [97, 99], [103, 104], [109, 110], [110, 111], [125, 150], [165, 166], [169, 170], [179, 180], [179, 189], [181, 184], [181, 189], [190, 191], [190, 196], [193, 194], [197, 198], [197, 235], [199, 204], [225, 227], [230, 231], [235, 239], [245, 246], [268, 269], [268, 274], [274, 275], [288, 314], [315, 316], [315, 318], [318, 319], [537, 539], [539, 540], [539, 581], [546, 550], [552, 553], [557, 558], [590, 591], [590, 615], [592, 593], [592, 606]], "missing_branches": [[42, 43], [42, 44], [45, 46], [45, 47], [47, 48], [47, 49], [58, 59], [58, 60], [67, 68], [67, 74], [69, 70], [69, 71], [72, 67], [72, 73], [95, 97], [97, 98], [103, 112], [109, 103], [110, 109], [125, 126], [129, 130], [129, 132], [134, 135], [134, 139], [165, 179], [169, 172], [193, 196], [199, 210], [210, 211], [210, 225], [213, 214], [213, 224], [225, 226], [230, 235], [235, 236], [245, 247], [247, 248], [247, 250], [274, 277], [288, 289], [318, 321], [377, 378], [377, 394], [431, 432], [431, 496], [435, 436], [435, 437], [438, 431], [438, 439], [442, 443], [442, 448], [443, 444], [443, 446], [450, 451], [450, 452], [454, 455], [454, 466], [455, 460], [455, 462], [460, 454], [460, 461], [462, 454], [462, 465], [467, 468], [467, 469], [469, 470], [469, 471], [471, 472], [471, 473], [473, 474], [473, 476], [477, 478], [477, 479], [537, 538], [546, 559], [552, 559], [557, 559]]}, "": {"executed_lines": [9, 11, 12, 13, 14, 15, 17, 19, 20, 21, 23, 26, 27, 28, 29, 31, 32, 33, 35, 36, 40, 41, 56, 57, 62, 63, 76, 77, 92, 93, 101, 102, 114, 115, 118, 119, 122, 241, 263, 287, 363, 527], "summary": {"covered_lines": 42, "num_statements": 42, "percent_covered": 100.0, "percent_covered_display": "100", "missing_lines": 0, "excluded_lines": 0, "percent_statements_covered": 100.0, "percent_statements_covered_display": "100", "num_branches": 0, "num_partial_branches": 0, "covered_branches": 0, "missing_branches": 0, "percent_branches_covered": 100.0, "percent_branches_covered_display": "100"}, "missing_lines": [], "excluded_lines": [], "start_line": 1, "executed_branches": [], "missing_branches": []}}}, "src\\medprov\\adapters\\omop.py": {"executed_lines": [3, 5, 6, 7, 9, 10, 11, 13, 16, 17, 18, 19, 20, 25, 26, 27, 28, 29, 30, 31, 38, 39, 40, 41, 42, 43, 44, 52, 54, 55, 56, 57, 66, 67, 68, 79, 120, 121, 122, 129, 136, 137, 144, 161, 162, 163, 166, 167, 168, 169, 170, 171, 174, 177, 181, 182, 183, 184, 185, 186, 187, 188, 189, 190, 200, 201, 202, 203, 205, 206, 207, 214, 215, 216, 217, 218, 219, 220, 221, 222, 223, 224, 225, 226, 228, 231, 236, 242, 243, 244, 245, 246, 247, 250, 251], "summary": {"covered_lines": 95, "num_statements": 112, "percent_covered": 79.01234567901234, "percent_covered_display": "79", "missing_lines": 17, "excluded_lines": 0, "percent_statements_covered": 84.82142857142857, "percent_statements_covered_display": "85", "num_branches": 50, "num_partial_branches": 9, "covered_branches": 33, "missing_branches": 17, "percent_branches_covered": 66.0, "percent_branches_covered_display": "66"}, "missing_lines": [32, 33, 34, 35, 36, 45, 46, 47, 48, 49, 50, 51, 80, 145, 204, 230, 237], "excluded_lines": [], "executed_branches": [[27, 28], [27, 29], [30, 31], [41, 42], [41, 52], [43, 44], [56, 57], [56, 66], [144, 161], [167, 168], [187, 188], [187, 245], [189, 190], [200, 201], [200, 203], [203, 205], [214, 215], [214, 217], [215, 214], [215, 216], [218, 219], [218, 220], [220, 221], [220, 222], [222, 223], [223, 224], [223, 225], [225, 226], [225, 228], [236, 242], [243, 244], [245, 246], [245, 247]], "missing_branches": [[30, 32], [32, 33], [32, 36], [34, 32], [34, 35], [43, 45], [46, 47], [46, 51], [49, 46], [49, 50], [144, 145], [167, 169], [189, 203], [203, 204], [222, 230], [236, 237], [243, 187]], "functions": {"OmopAdapter._drug_exposure": {"executed_lines": [27, 28, 29, 30, 31], "summary": {"covered_lines": 5, "num_statements": 10, "percent_covered": 44.44444444444444, "percent_covered_display": "44", "missing_lines": 5, "excluded_lines": 0, "percent_statements_covered": 50.0, "percent_statements_covered_display": "50", "num_branches": 8, "num_partial_branches": 1, "covered_branches": 3, "missing_branches": 5, "percent_branches_covered": 37.5, "percent_branches_covered_display": "38"}, "missing_lines": [32, 33, 34, 35, 36], "excluded_lines": [], "start_line": 26, "executed_branches": [[27, 28], [27, 29], [30, 31]], "missing_branches": [[30, 32], [32, 33], [32, 36], [34, 32], [34, 35]]}, "OmopAdapter._concept_names": {"executed_lines": [40, 41, 42, 43, 44, 52], "summary": {"covered_lines": 6, "num_statements": 13, "percent_covered": 42.857142857142854, "percent_covered_display": "43", "missing_lines": 7, "excluded_lines": 0, "percent_statements_covered": 46.15384615384615, "percent_statements_covered_display": "46", "num_branches": 8, "num_partial_branches": 1, "covered_branches": 3, "missing_branches": 5, "percent_branches_covered": 37.5, "percent_branches_covered_display": "38"}, "missing_lines": [45, 46, 47, 48, 49, 50, 51], "excluded_lines": [], "start_line": 39, "executed_branches": [[41, 42], [41, 52], [43, 44]], "missing_branches": [[43, 45], [46, 47], [46, 51], [49, 46], [49, 50]]}, "OmopAdapter.inspect_source": {"executed_lines": [55, 56, 57, 66, 67, 68], "summary": {"covered_lines": 6, "num_statements": 6, "percent_covered": 100.0, "percent_covered_display": "100", "missing_lines": 0, "excluded_lines": 0, "percent_statements_covered": 100.0, "percent_statements_covered_display": "100", "num_branches": 2, "num_partial_branches": 0, "covered_branches": 2, "missing_branches": 0, "percent_branches_covered": 100.0, "percent_branches_covered_display": "100"}, "missing_lines": [], "excluded_lines": [], "start_line": 54, "executed_branches": [[56, 57], [56, 66]], "missing_branches": []}, "OmopAdapter.compile": {"executed_lines": [], "summary": {"covered_lines": 0, "num_statements": 1, "percent_covered": 0.0, "percent_covered_display": "0", "missing_lines": 1, "excluded_lines": 0, "percent_statements_covered": 0.0, "percent_statements_covered_display": "0", "num_branches": 0, "num_partial_branches": 0, "covered_branches": 0, "missing_branches": 0, "percent_branches_covered": 100.0, "percent_branches_covered_display": "100"}, "missing_lines": [80], "excluded_lines": [], "start_line": 79, "executed_branches": [], "missing_branches": []}, "OmopAdapter.execute": {"executed_lines": [121, 122, 129, 136, 137, 144, 161, 162, 163, 166, 167, 168, 169, 170, 171, 174, 177, 181, 182, 183, 184, 185, 186, 187, 188, 189, 190, 200, 201, 202, 203, 205, 206, 207, 214, 215, 216, 217, 218, 219, 220, 221, 222, 223, 224, 225, 226, 228, 231, 236, 242, 243, 244, 245, 246, 247, 250, 251], "summary": {"covered_lines": 58, "num_statements": 62, "percent_covered": 88.29787234042553, "percent_covered_display": "88", "missing_lines": 4, "excluded_lines": 0, "percent_statements_covered": 93.54838709677419, "percent_statements_covered_display": "94", "num_branches": 32, "num_partial_branches": 7, "covered_branches": 25, "missing_branches": 7, "percent_branches_covered": 78.125, "percent_branches_covered_display": "78"}, "missing_lines": [145, 204, 230, 237], "excluded_lines": [], "start_line": 120, "executed_branches": [[144, 161], [167, 168], [187, 188], [187, 245], [189, 190], [200, 201], [200, 203], [203, 205], [214, 215], [214, 217], [215, 214], [215, 216], [218, 219], [218, 220], [220, 221], [220, 222], [222, 223], [223, 224], [223, 225], [225, 226], [225, 228], [236, 242], [243, 244], [245, 246], [245, 247]], "missing_branches": [[144, 145], [167, 169], [189, 203], [203, 204], [222, 230], [236, 237], [243, 187]]}, "": {"executed_lines": [3, 5, 6, 7, 9, 10, 11, 13, 16, 17, 18, 19, 20, 25, 26, 38, 39, 54, 79, 120], "summary": {"covered_lines": 20, "num_statements": 20, "percent_covered": 100.0, "percent_covered_display": "100", "missing_lines": 0, "excluded_lines": 0, "percent_statements_covered": 100.0, "percent_statements_covered_display": "100", "num_branches": 0, "num_partial_branches": 0, "covered_branches": 0, "missing_branches": 0, "percent_branches_covered": 100.0, "percent_branches_covered_display": "100"}, "missing_lines": [], "excluded_lines": [], "start_line": 1, "executed_branches": [], "missing_branches": []}}, "classes": {"OmopAdapter": {"executed_lines": [27, 28, 29, 30, 31, 40, 41, 42, 43, 44, 52, 55, 56, 57, 66, 67, 68, 121, 122, 129, 136, 137, 144, 161, 162, 163, 166, 167, 168, 169, 170, 171, 174, 177, 181, 182, 183, 184, 185, 186, 187, 188, 189, 190, 200, 201, 202, 203, 205, 206, 207, 214, 215, 216, 217, 218, 219, 220, 221, 222, 223, 224, 225, 226, 228, 231, 236, 242, 243, 244, 245, 246, 247, 250, 251], "summary": {"covered_lines": 75, "num_statements": 92, "percent_covered": 76.05633802816901, "percent_covered_display": "76", "missing_lines": 17, "excluded_lines": 0, "percent_statements_covered": 81.52173913043478, "percent_statements_covered_display": "82", "num_branches": 50, "num_partial_branches": 9, "covered_branches": 33, "missing_branches": 17, "percent_branches_covered": 66.0, "percent_branches_covered_display": "66"}, "missing_lines": [32, 33, 34, 35, 36, 45, 46, 47, 48, 49, 50, 51, 80, 145, 204, 230, 237], "excluded_lines": [], "start_line": 16, "executed_branches": [[27, 28], [27, 29], [30, 31], [41, 42], [41, 52], [43, 44], [56, 57], [56, 66], [144, 161], [167, 168], [187, 188], [187, 245], [189, 190], [200, 201], [200, 203], [203, 205], [214, 215], [214, 217], [215, 214], [215, 216], [218, 219], [218, 220], [220, 221], [220, 222], [222, 223], [223, 224], [223, 225], [225, 226], [225, 228], [236, 242], [243, 244], [245, 246], [245, 247]], "missing_branches": [[30, 32], [32, 33], [32, 36], [34, 32], [34, 35], [43, 45], [46, 47], [46, 51], [49, 46], [49, 50], [144, 145], [167, 169], [189, 203], [203, 204], [222, 230], [236, 237], [243, 187]]}, "": {"executed_lines": [3, 5, 6, 7, 9, 10, 11, 13, 16, 17, 18, 19, 20, 25, 26, 38, 39, 54, 79, 120], "summary": {"covered_lines": 20, "num_statements": 20, "percent_covered": 100.0, "percent_covered_display": "100", "missing_lines": 0, "excluded_lines": 0, "percent_statements_covered": 100.0, "percent_statements_covered_display": "100", "num_branches": 0, "num_partial_branches": 0, "covered_branches": 0, "missing_branches": 0, "percent_branches_covered": 100.0, "percent_branches_covered_display": "100"}, "missing_lines": [], "excluded_lines": [], "start_line": 1, "executed_branches": [], "missing_branches": []}}}, "src\\medprov\\adapters\\synthetic.py": {"executed_lines": [3, 5, 6, 7, 9, 10, 12, 15, 16, 17, 18, 20, 21, 23, 24, 25, 26, 27, 29, 30, 31, 37, 38, 39, 45, 46, 72, 73, 74, 77, 78, 99, 100, 101, 102, 103, 104, 105, 106, 107, 108, 109, 110, 111, 112, 113, 119, 120, 121, 122, 123, 124, 125, 128, 129, 130, 133, 136], "summary": {"covered_lines": 58, "num_statements": 62, "percent_covered": 90.2439024390244, "percent_covered_display": "90", "missing_lines": 4, "excluded_lines": 0, "percent_statements_covered": 93.54838709677419, "percent_statements_covered_display": "94", "num_branches": 20, "num_partial_branches": 4, "covered_branches": 16, "missing_branches": 4, "percent_branches_covered": 80.0, "percent_branches_covered_display": "80"}, "missing_lines": [22, 32, 79, 127], "excluded_lines": [], "executed_branches": [[21, 23], [24, 25], [24, 26], [31, 37], [78, 99], [107, 108], [107, 130], [109, 110], [109, 111], [112, 113], [112, 119], [120, 121], [120, 122], [122, 123], [122, 124], [124, 125]], "missing_branches": [[21, 22], [31, 32], [78, 79], [124, 127]], "functions": {"SyntheticAdapter._fixture": {"executed_lines": [21, 23, 24, 25, 26, 27], "summary": {"covered_lines": 6, "num_statements": 7, "percent_covered": 81.81818181818181, "percent_covered_display": "82", "missing_lines": 1, "excluded_lines": 0, "percent_statements_covered": 85.71428571428571, "percent_statements_covered_display": "86", "num_branches": 4, "num_partial_branches": 1, "covered_branches": 3, "missing_branches": 1, "percent_branches_covered": 75.0, "percent_branches_covered_display": "75"}, "missing_lines": [22], "excluded_lines": [], "start_line": 20, "executed_branches": [[21, 23], [24, 25], [24, 26]], "missing_branches": [[21, 22]]}, "SyntheticAdapter.inspect_source": {"executed_lines": [30, 31, 37, 38, 39], "summary": {"covered_lines": 5, "num_statements": 6, "percent_covered": 75.0, "percent_covered_display": "75", "missing_lines": 1, "excluded_lines": 0, "percent_statements_covered": 83.33333333333333, "percent_statements_covered_display": "83", "num_branches": 2, "num_partial_branches": 1, "covered_branches": 1, "missing_branches": 1, "percent_branches_covered": 50.0, "percent_branches_covered_display": "50"}, "missing_lines": [32], "excluded_lines": [], "start_line": 29, "executed_branches": [[31, 37]], "missing_branches": [[31, 32]]}, "SyntheticAdapter.compile": {"executed_lines": [46], "summary": {"covered_lines": 1, "num_statements": 1, "percent_covered": 100.0, "percent_covered_display": "100", "missing_lines": 0, "excluded_lines": 0, "percent_statements_covered": 100.0, "percent_statements_covered_display": "100", "num_branches": 0, "num_partial_branches": 0, "covered_branches": 0, "missing_branches": 0, "percent_branches_covered": 100.0, "percent_branches_covered_display": "100"}, "missing_lines": [], "excluded_lines": [], "start_line": 45, "executed_branches": [], "missing_branches": []}, "SyntheticAdapter.execute": {"executed_lines": [73, 74, 77, 78, 99, 100, 101, 102, 103, 104, 105, 106, 107, 108, 109, 110, 111, 112, 113, 119, 120, 121, 122, 123, 124, 125, 128, 129, 130, 133, 136], "summary": {"covered_lines": 31, "num_statements": 33, "percent_covered": 91.48936170212765, "percent_covered_display": "91", "missing_lines": 2, "excluded_lines": 0, "percent_statements_covered": 93.93939393939394, "percent_statements_covered_display": "94", "num_branches": 14, "num_partial_branches": 2, "covered_branches": 12, "missing_branches": 2, "percent_branches_covered": 85.71428571428571, "percent_branches_covered_display": "86"}, "missing_lines": [79, 127], "excluded_lines": [], "start_line": 72, "executed_branches": [[78, 99], [107, 108], [107, 130], [109, 110], [109, 111], [112, 113], [112, 119], [120, 121], [120, 122], [122, 123], [122, 124], [124, 125]], "missing_branches": [[78, 79], [124, 127]]}, "": {"executed_lines": [3, 5, 6, 7, 9, 10, 12, 15, 16, 17, 18, 20, 29, 45, 72], "summary": {"covered_lines": 15, "num_statements": 15, "percent_covered": 100.0, "percent_covered_display": "100", "missing_lines": 0, "excluded_lines": 0, "percent_statements_covered": 100.0, "percent_statements_covered_display": "100", "num_branches": 0, "num_partial_branches": 0, "covered_branches": 0, "missing_branches": 0, "percent_branches_covered": 100.0, "percent_branches_covered_display": "100"}, "missing_lines": [], "excluded_lines": [], "start_line": 1, "executed_branches": [], "missing_branches": []}}, "classes": {"SyntheticAdapter": {"executed_lines": [21, 23, 24, 25, 26, 27, 30, 31, 37, 38, 39, 46, 73, 74, 77, 78, 99, 100, 101, 102, 103, 104, 105, 106, 107, 108, 109, 110, 111, 112, 113, 119, 120, 121, 122, 123, 124, 125, 128, 129, 130, 133, 136], "summary": {"covered_lines": 43, "num_statements": 47, "percent_covered": 88.05970149253731, "percent_covered_display": "88", "missing_lines": 4, "excluded_lines": 0, "percent_statements_covered": 91.48936170212765, "percent_statements_covered_display": "91", "num_branches": 20, "num_partial_branches": 4, "covered_branches": 16, "missing_branches": 4, "percent_branches_covered": 80.0, "percent_branches_covered_display": "80"}, "missing_lines": [22, 32, 79, 127], "excluded_lines": [], "start_line": 15, "executed_branches": [[21, 23], [24, 25], [24, 26], [31, 37], [78, 99], [107, 108], [107, 130], [109, 110], [109, 111], [112, 113], [112, 119], [120, 121], [120, 122], [122, 123], [122, 124], [124, 125]], "missing_branches": [[21, 22], [31, 32], [78, 79], [124, 127]]}, "": {"executed_lines": [3, 5, 6, 7, 9, 10, 12, 15, 16, 17, 18, 20, 29, 45, 72], "summary": {"covered_lines": 15, "num_statements": 15, "percent_covered": 100.0, "percent_covered_display": "100", "missing_lines": 0, "excluded_lines": 0, "percent_statements_covered": 100.0, "percent_statements_covered_display": "100", "num_branches": 0, "num_partial_branches": 0, "covered_branches": 0, "missing_branches": 0, "percent_branches_covered": 100.0, "percent_branches_covered_display": "100"}, "missing_lines": [], "excluded_lines": [], "start_line": 1, "executed_branches": [], "missing_branches": []}}}, "src\\medprov\\cli.py": {"executed_lines": [3, 5, 6, 7, 8, 9, 10, 11, 13, 14, 15, 16, 17, 18, 19, 20, 21, 27, 28, 29, 30, 33, 34, 37, 38, 41, 42, 44, 45, 46, 47, 49, 50, 51, 52, 54, 55, 56, 57, 58, 60, 61, 62, 63, 64, 66, 67, 68, 69, 71, 74, 75, 77, 78, 79, 82, 83, 84, 167, 168, 206, 207, 208, 209, 210, 211, 212, 215, 216, 217, 220, 221, 222, 223, 224, 225, 226, 227, 232, 238, 244, 250, 261, 262, 263, 264, 265, 269, 279], "summary": {"covered_lines": 89, "num_statements": 113, "percent_covered": 72.26277372262774, "percent_covered_display": "72", "missing_lines": 24, "excluded_lines": 3, "percent_statements_covered": 78.76106194690266, "percent_statements_covered_display": "79", "num_branches": 24, "num_partial_branches": 8, "covered_branches": 10, "missing_branches": 14, "percent_branches_covered": 41.666666666666664, "percent_branches_covered_display": "42"}, "missing_lines": [228, 229, 230, 231, 233, 234, 235, 236, 237, 239, 242, 243, 245, 246, 247, 248, 249, 251, 252, 253, 259, 260, 276, 280], "excluded_lines": [270, 271, 275], "executed_branches": [[215, 216], [223, 224], [223, 227], [22
[...]
6, 67, 70, 71], "summary": {"covered_lines": 41, "num_statements": 45, "percent_covered": 85.96491228070175, "percent_covered_display": "86", "missing_lines": 4, "excluded_lines": 0, "percent_statements_covered": 91.11111111111111, "percent_statements_covered_display": "91", "num_branches": 12, "num_partial_branches": 4, "covered_branches": 8, "missing_branches": 4, "percent_branches_covered": 66.66666666666667, "percent_branches_covered_display": "67"}, "missing_lines": [26, 33, 49, 50], "excluded_lines": [], "executed_branches": [[21, 22], [21, 24], [25, 27], [32, 34], [46, 47], [47, 48], [60, 61], [60, 63]], "missing_branches": [[25, 26], [32, 33], [46, 49], [47, 46]], "functions": {"load_document": {"executed_lines": [19, 20, 21, 22, 24, 25, 27], "summary": {"covered_lines": 7, "num_statements": 8, "percent_covered": 83.33333333333333, "percent_covered_display": "83", "missing_lines": 1, "excluded_lines": 0, "percent_statements_covered": 87.5, "percent_statements_covered_display": "88", "num_branches": 4, "num_partial_branches": 1, "covered_branches": 3, "missing_branches": 1, "percent_branches_covered": 75.0, "percent_branches_covered_display": "75"}, "missing_lines": [26], "excluded_lines": [], "start_line": 18, "executed_branches": [[21, 22], [21, 24], [25, 27]], "missing_branches": [[25, 26]]}, "_schema_candidates": {"executed_lines": [31, 32, 34, 35, 42], "summary": {"covered_lines": 5, "num_statements": 6, "percent_covered": 75.0, "percent_covered_display": "75", "missing_lines": 1, "excluded_lines": 0, "percent_statements_covered": 83.33333333333333, "percent_statements_covered_display": "83", "num_branches": 2, "num_partial_branches": 1, "covered_branches": 1, "missing_branches": 1, "percent_branches_covered": 50.0, "percent_branches_covered_display": "50"}, "missing_lines": [33], "excluded_lines": [], "start_line": 30, "executed_branches": [[32, 34]], "missing_branches": [[32, 33]]}, "schema_path": {"executed_lines": [46, 47, 48], "summary": {"covered_lines": 3, "num_statements": 5, "percent_covered": 55.55555555555556, "percent_covered_display": "56", "missing_lines": 2, "excluded_lines": 0, "percent_statements_covered": 60.0, "percent_statements_covered_display": "60", "num_branches": 4, "num_partial_branches": 2, "covered_branches": 2, "missing_branches": 2, "percent_branches_covered": 50.0, "percent_branches_covered_display": "50"}, "missing_lines": [49, 50], "excluded_lines": [], "start_line": 45, "executed_branches": [[46, 47], [47, 48]], "missing_branches": [[46, 49], [47, 46]]}, "load_schema": {"executed_lines": [54], "summary": {"covered_lines": 1, "num_statements": 1, "percent_covered": 100.0, "percent_covered_display": "100", "missing_lines": 0, "excluded_lines": 0, "percent_statements_covered": 100.0, "percent_statements_covered_display": "100", "num_branches": 0, "num_partial_branches": 0, "covered_branches": 0, "missing_branches": 0, "percent_branches_covered": 100.0, "percent_branches_covered_display": "100"}, "missing_lines": [], "excluded_lines": [], "start_line": 53, "executed_branches": [], "missing_branches": []}, "validation_errors": {"executed_lines": [58, 59, 60, 61, 62, 63], "summary": {"covered_lines": 6, "num_statements": 6, "percent_covered": 100.0, "percent_covered_display": "100", "missing_lines": 0, "excluded_lines": 0, "percent_statements_covered": 100.0, "percent_statements_covered_display": "100", "num_branches": 2, "num_partial_branches": 0, "covered_branches": 2, "missing_branches": 0, "percent_branches_covered": 100.0, "percent_branches_covered_display": "100"}, "missing_lines": [], "excluded_lines": [], "start_line": 57, "executed_branches": [[60, 61], [60, 63]], "missing_branches": []}, "validate_operator": {"executed_lines": [67], "summary": {"covered_lines": 1, "num_statements": 1, "percent_covered": 100.0, "percent_covered_display": "100", "missing_lines": 0, "excluded_lines": 0, "percent_statements_covered": 100.0, "percent_statements_covered_display": "100", "num_branches": 0, "num_partial_branches": 0, "covered_branches": 0, "missing_branches": 0, "percent_branches_covered": 100.0, "percent_branches_covered_display": "100"}, "missing_lines": [], "excluded_lines": [], "start_line": 66, "executed_branches": [], "missing_branches": []}, "validate_reporting": {"executed_lines": [71], "summary": {"covered_lines": 1, "num_statements": 1, "percent_covered": 100.0, "percent_covered_display": "100", "missing_lines": 0, "excluded_lines": 0, "percent_statements_covered": 100.0, "percent_statements_covered_display": "100", "num_branches": 0, "num_partial_branches": 0, "covered_branches": 0, "missing_branches": 0, "percent_branches_covered": 100.0, "percent_branches_covered_display": "100"}, "missing_lines": [], "excluded_lines": [], "start_line": 70, "executed_branches": [], "missing_branches": []}, "": {"executed_lines": [3, 5, 6, 7, 8, 9, 11, 12, 14, 15, 18, 30, 45, 53, 57, 66, 70], "summary": {"covered_lines": 17, "num_statements": 17, "percent_covered": 100.0, "percent_covered_display": "100", "missing_lines": 0, "excluded_lines": 0, "percent_statements_covered": 100.0, "percent_statements_covered_display": "100", "num_branches": 0, "num_partial_branches": 0, "covered_branches": 0, "missing_branches": 0, "percent_branches_covered": 100.0, "percent_branches_covered_display": "100"}, "missing_lines": [], "excluded_lines": [], "start_line": 1, "executed_branches": [], "missing_branches": []}}, "classes": {"": {"executed_lines": [3, 5, 6, 7, 8, 9, 11, 12, 14, 15, 18, 19, 20, 21, 22, 24, 25, 27, 30, 31, 32, 34, 35, 42, 45, 46, 47, 48, 53, 54, 57, 58, 59, 60, 61, 62, 63, 66, 67, 70, 71], "summary": {"covered_lines": 41, "num_statements": 45, "percent_covered": 85.96491228070175, "percent_covered_display": "86", "missing_lines": 4, "excluded_lines": 0, "percent_statements_covered": 91.11111111111111, "percent_statements_covered_display": "91", "num_branches": 12, "num_partial_branches": 4, "covered_branches": 8, "missing_branches": 4, "percent_branches_covered": 66.66666666666667, "percent_branches_covered_display": "67"}, "missing_lines": [26, 33, 49, 50], "excluded_lines": [], "start_line": 1, "executed_branches": [[21, 22], [21, 24], [25, 27], [32, 34], [46, 47], [47, 48], [60, 61], [60, 63]], "missing_branches": [[25, 26], [32, 33], [46, 49], [47, 46]]}}}, "src\\medprov\\utils.py": {"executed_lines": [3, 5, 6, 7, 8, 9, 11, 14, 15, 16, 17, 18, 19, 22, 23, 24, 27, 28, 31, 32, 33, 34, 38, 41, 43, 44, 45, 46, 47, 48, 49, 50, 51, 52, 53, 56, 57, 58, 59], "summary": {"covered_lines": 39, "num_statements": 39, "percent_covered": 100.0, "percent_covered_display": "100", "missing_lines": 0, "excluded_lines": 0, "percent_statements_covered": 100.0, "percent_statements_covered_display": "100", "num_branches": 14, "num_partial_branches": 0, "covered_branches": 14, "missing_branches": 0, "percent_branches_covered": 100.0, "percent_branches_covered_display": "100"}, "missing_lines": [], "excluded_lines": [], "executed_branches": [[17, 18], [17, 19], [44, 45], [44, 50], [45, 46], [45, 53], [47, 48], [47, 49], [50, 51], [50, 53], [51, 52], [51, 53], [58, -56], [58, 59]], "missing_branches": [], "functions": {"sha256_file": {"executed_lines": [15, 16, 17, 18, 19], "summary": {"covered_lines": 5, "num_statements": 5, "percent_covered": 100.0, "percent_covered_display": "100", "missing_lines": 0, "excluded_lines": 0, "percent_statements_covered": 100.0, "percent_statements_covered_display": "100", "num_branches": 2, "num_partial_branches": 0, "covered_branches": 2, "missing_branches": 0, "percent_branches_covered": 100.0, "percent_branches_covered_display": "100"}, "missing_lines": [], "excluded_lines": [], "start_line": 14, "executed_branches": [[17, 18], [17, 19]], "missing_branches": []}, "canonical_json_sha256": {"executed_lines": [23, 24], "summary": {"covered_lines": 2, "num_statements": 2, "percent_covered": 100.0, "percent_covered_display": "100", "missing_lines": 0, "excluded_lines": 0, "percent_statements_covered": 100.0, "percent_statements_covered_display": "100", "num_branches": 0, "num_partial_branches": 0, "covered_branches": 0, "missing_branches": 0, "percent_branches_covered": 100.0, "percent_branches_covered_display": "100"}, "missing_lines": [], "excluded_lines": [], "start_line": 22, "executed_branches": [], "missing_branches": []}, "utc_now": {"executed_lines": [28], "summary": {"covered_lines": 1, "num_statements": 1, "percent_covered": 100.0, "percent_covered_display": "100", "missing_lines": 0, "excluded_lines": 0, "percent_statements_covered": 100.0, "percent_statements_covered_display": "100", "num_branches": 0, "num_partial_branches": 0, "covered_branches": 0, "missing_branches": 0, "percent_branches_covered": 100.0, "percent_branches_covered_display": "100"}, "missing_lines": [], "excluded_lines": [], "start_line": 27, "executed_branches": [], "missing_branches": []}, "write_json": {"executed_lines": [32, 33, 34, 38], "summary": {"covered_lines": 4, "num_statements": 4, "percent_covered": 100.0, "percent_covered_display": "100", "missing_lines": 0, "excluded_lines": 0, "percent_statements_covered": 100.0, "percent_statements_covered_display": "100", "num_branches": 0, "num_partial_branches": 0, "covered_branches": 0, "missing_branches": 0, "percent_branches_covered": 100.0, "percent_branches_covered_display": "100"}, "missing_lines": [], "excluded_lines": [], "start_line": 31, "executed_branches": [], "missing_branches": []}, "restricted_key_paths": {"executed_lines": [43, 44, 45, 46, 47, 48, 49, 50, 51, 52, 53], "summary": {"covered_lines": 11, "num_statements": 11, "percent_covered": 100.0, "percent_covered_display": "100", "missing_lines": 0, "excluded_lines": 0, "percent_statements_covered": 100.0, "percent_statements_covered_display": "100", "num_branches": 10, "num_partial_branches": 0, "covered_branches": 10, "missing_branches": 0, "percent_branches_covered": 100.0, "percent_branches_covered_display": "100"}, "missing_lines": [], "excluded_lines": [], "start_line": 41, "executed_branches": [[44, 45], [44, 50], [45, 46], [45, 53], [47, 48], [47, 49], [50, 51], [50, 53], [51, 52], [51, 53]], "missing_branches": []}, "assert_public_aggregate": {"executed_lines": [57, 58, 59], "summary": {"covered_lines": 3, "num_statements": 3, "percent_covered": 100.0, "percent_covered_display": "100", "missing_lines": 0, "excluded_lines": 0, "percent_statements_covered": 100.0, "percent_statements_covered_display": "100", "num_branches": 2, "num_partial_branches": 0, "covered_branches": 2, "missing_branches": 0, "percent_branches_covered": 100.0, "percent_branches_covered_display": "100"}, "missing_lines": [], "excluded_lines": [], "start_line": 56, "executed_branches": [[58, -56], [58, 59]], "missing_branches": []}, "": {"executed_lines": [3, 5, 6, 7, 8, 9, 11, 14, 22, 27, 31, 41, 56], "summary": {"covered_lines": 13, "num_statements": 13, "percent_covered": 100.0, "percent_covered_display": "100", "missing_lines": 0, "excluded_lines": 0, "percent_statements_covered": 100.0, "percent_statements_covered_display": "100", "num_branches": 0, "num_partial_branches": 0, "covered_branches": 0, "missing_branches": 0, "percent_branches_covered": 100.0, "percent_branches_covered_display": "100"}, "missing_lines": [], "excluded_lines": [], "start_line": 1, "executed_branches": [], "missing_branches": []}}, "classes": {"": {"executed_lines": [3, 5, 6, 7, 8, 9, 11, 14, 15, 16, 17, 18, 19, 22, 23, 24, 27, 28, 31, 32, 33, 34, 38, 41, 43, 44, 45, 46, 47, 48, 49, 50, 51, 52, 53, 56, 57, 58, 59], "summary": {"covered_lines": 39, "num_statements": 39, "percent_covered": 100.0, "percent_covered_display": "100", "missing_lines": 0, "excluded_lines": 0, "percent_statements_covered": 100.0, "percent_statements_covered_display": "100", "num_branches": 14, "num_partial_branches": 0, "covered_branches": 14, "missing_branches": 0, "percent_branches_covered": 100.0, "percent_branches_covered_display": "100"}, "missing_lines": [], "excluded_lines": [], "start_line": 1, "executed_branches": [[17, 18], [17, 19], [44, 45], [44, 50], [45, 46], [45, 53], [47, 48], [47, 49], [50, 51], [50, 53], [51, 52], [51, 53], [58, -56], [58, 59]], "missing_branches": []}}}, "src\\medprov\\validator.py": {"executed_lines": [3, 5, 6, 7, 8, 10, 11, 12, 13, 14, 17, 18, 19, 21, 22, 23, 24, 25, 26, 27, 31, 32, 33, 42, 43, 44, 45, 48, 51, 54, 60, 61, 62, 64, 65, 66, 67, 86, 89, 94, 95, 96, 103, 104, 109, 110, 112, 115, 116, 117, 121, 126, 127, 128, 129, 130, 131, 132, 133, 134, 135, 136, 137, 138, 139, 140, 141, 146, 155], "summary": {"covered_lines": 69, "num_statements": 84, "percent_covered": 78.8135593220339, "percent_covered_display": "79", "missing_lines": 15, "excluded_lines": 0, "percent_statements_covered": 82.14285714285714, "percent_statements_covered_display": "82", "num_branches": 34, "num_partial_branches": 8, "covered_branches": 24, "missing_branches": 10, "percent_branches_covered": 70.58823529411765, "percent_branches_covered_display": "71"}, "missing_lines": [20, 28, 46, 47, 49, 50, 63, 73, 74, 75, 97, 98, 101, 102, 111], "excluded_lines": [], "executed_branches": [[19, 21], [21, 22], [21, 25], [23, 21], [23, 24], [26, 27], [43, 44], [43, 51], [45, 48], [48, 43], [62, 64], [66, 67], [96, 103], [103, 104], [103, 109], [110, 112], [128, 129], [128, 155], [131, 132], [131, 135], [135, 136], [135, 138], [139, 140], [139, 141]], "missing_branches": [[19, 20], [26, 28], [45, 46], [48, 49], [62, 63], [66, 73], [96, 97], [98, 101], [98, 102], [110, 111]], "functions": {"_resolve_reference": {"executed_lines": [18, 19, 21, 22, 23, 24, 25, 26, 27], "summary": {"covered_lines": 9, "num_statements": 11, "percent_covered": 78.94736842105263, "percent_covered_display": "79", "missing_lines": 2, "excluded_lines": 0, "percent_statements_covered": 81.81818181818181, "percent_statements_covered_display": "82", "num_branches": 8, "num_partial_branches": 2, "covered_branches": 6, "missing_branches": 2, "percent_branches_covered": 75.0, "percent_branches_covered_display": "75"}, "missing_lines": [20, 28], "excluded_lines": [], "start_line": 17, "executed_branches": [[19, 21], [21, 22], [21, 25], [23, 21], [23, 24], [26, 27]], "missing_branches": [[19, 20], [26, 28]]}, "_traceability": {"executed_lines": [32, 33, 42, 43, 44, 45, 48, 51], "summary": {"covered_lines": 8, "num_statements": 12, "percent_covered": 66.66666666666667, "percent_covered_display": "67", "missing_lines": 4, "excluded_lines": 0, "percent_statements_covered": 66.66666666666667, "percent_statements_covered_display": "67", "num_branches": 6, "num_partial_branches": 2, "covered_branches": 4, "missing_branches": 2, "percent_branches_covered": 66.66666666666667, "percent_branches_covered_display": "67"}, "missing_lines": [46, 47, 49, 50], "excluded_lines": [], "start_line": 31, "executed_branches": [[43, 44], [43, 51], [45, 48], [48, 43]], "missing_branches": [[45, 46], [48, 49]]}, "validate_specification": {"executed_lines": [60, 61, 62, 64, 65, 66, 67], "summary": {"covered_lines": 7, "num_statements": 11, "percent_covered": 60.0, "percent_covered_display": "60", "missing_lines": 4, "excluded_lines": 0, "percent_statements_covered": 63.63636363636363, "percent_statements_covered_display": "64", "num_branches": 4, "num_partial_branches": 2, "covered_branches": 2, "missing_branches": 2, "percent_branches_covered": 50.0, "percent_branches_covered_display": "50"}, "missing_lines": [63, 73, 74, 75], "excluded_lines": [], "start_line": 54, "executed_branches": [[62, 64], [66, 67]], "missing_branches": [[62, 63], [66, 73]]}, "validate_specification_file": {"executed_lines": [89], "summary": {"covered_lines": 1, "num_statements": 1, "percent_covered": 100.0, "percent_covered_display": "100", "missing_lines": 0, "excluded_lines": 0, "percent_statements_covered": 100.0, "percent_statements_covered_display": "100", "num_branches": 0, "num_partial_branches": 0, "covered_branches": 0, "missing_branches": 0, "percent_branches_covered": 100.0, "percent_branches_covered_display": "100"}, "missing_lines": [], "excluded_lines": [], "start_line": 86, "executed_branches": [], "missing_branches": []}, "load_reporting_records": {"executed_lines": [95, 96, 103, 104, 109, 110, 112], "summary": {"covered_lines": 7, "num_statements": 12, "percent_covered": 55.0, "percent_covered_display": "55", "missing_lines": 5, "excluded_lines": 0, "percent_statements_covered": 58.333333333333336, "percent_statements_covered_display": "58", "num_branches": 8, "num_partial_branches": 2, "covered_branches": 4, "missing_branches": 4, "percent_branches_covered": 50.0, "percent_branches_covered_display": "50"}, "missing_lines": [97, 98, 101, 102, 111], "excluded_lines": [], "start_line": 94, "executed_branches": [[96, 103], [103, 104], [103, 109], [110, 112]], "missing_branches": [[96, 97], [98, 101], [98, 102], [110, 111]]}, "validate_reporting_records": {"executed_lines": [116, 117, 121, 126, 127, 128, 129, 130, 131, 132, 133, 134, 135, 136, 137, 138, 139, 140, 141, 146, 155], "summary": {"covered_lines": 21, "num_statements": 21, "percent_covered": 100.0, "percent_covered_display": "100", "missing_lines": 0, "excluded_lines": 0, "percent_statements_covered": 100.0, "percent_statements_covered_display": "100", "num_branches": 8, "num_partial_branches": 0, "covered_branches": 8, "missing_branches": 0, "percent_branches_covered": 100.0, "percent_branches_covered_display": "100"}, "missing_lines": [], "excluded_lines": [], "start_line": 115, "executed_branches": [[128, 129], [128, 155], [131, 132], [131, 135], [135, 136], [135, 138], [139, 140], [139, 141]], "missing_branches": []}, "": {"executed_lines": [3, 5, 6, 7, 8, 10, 11, 12, 13, 14, 17, 31, 54, 86, 94, 115], "summary": {"covered_lines": 16, "num_statements": 16, "percent_covered": 100.0, "percent_covered_display": "100", "missing_lines": 0, "excluded_lines": 0, "percent_statements_covered": 100.0, "percent_statements_covered_display": "100", "num_branches": 0, "num_partial_branches": 0, "covered_branches": 0, "missing_branches": 0, "percent_branches_covered": 100.0, "percent_branches_covered_display": "100"}, "missing_lines": [], "excluded_lines": [], "start_line": 1, "executed_branches": [], "missing_branches": []}}, "classes": {"": {"executed_lines": [3, 5, 6, 7, 8, 10, 11, 12, 13, 14, 17, 18, 19, 21, 22, 23, 24, 25, 26, 27, 31, 32, 33, 42, 43, 44, 45, 48, 51, 54, 60, 61, 62, 64, 65, 66, 67, 86, 89, 94, 95, 96, 103, 104, 109, 110, 112, 115, 116, 117, 121, 126, 127, 128, 129, 130, 131, 132, 133, 134, 135, 136, 137, 138, 139, 140, 141, 146, 155], "summary": {"covered_lines": 69, "num_statements": 84, "percent_covered": 78.8135593220339, "percent_covered_display": "79", "missing_lines": 15, "excluded_lines": 0, "percent_statements_covered": 82.14285714285714, "percent_statements_covered_display": "82", "num_branches": 34, "num_partial_branches": 8, "covered_branches": 24, "missing_branches": 10, "percent_branches_covered": 70.58823529411765, "percent_branches_covered_display": "71"}, "missing_lines": [20, 28, 46, 47, 49, 50, 63, 73, 74, 75, 97, 98, 101, 102, 111], "excluded_lines": [], "start_line": 1, "executed_branches": [[19, 21], [21, 22], [21, 25], [23, 21], [23, 24], [26, 27], [43, 44], [43, 51], [45, 48], [48, 43], [62, 64], [66, 67], [96, 103], [103, 104], [103, 109], [110, 112], [128, 129], [128, 155], [131, 132], [131, 135], [135, 136], [135, 138], [139, 140], [139, 141]], "missing_branches": [[19, 20], [26, 28], [45, 46], [48, 49], [62, 63], [66, 73], [96, 97], [98, 101], [98, 102], [110, 111]]}}}}, "totals": {"covered_lines": 1356, "num_statements": 1765, "percent_covered": 70.14553014553015, "percent_covered_display": "70", "missing_lines": 409, "excluded_lines": 3, "percent_statements_covered": 76.8271954674221, "percent_statements_covered_display": "77", "num_branches": 640, "num_partial_branches": 133, "covered_branches": 331, "missing_branches": 309, "percent_branches_covered": 51.71875, "percent_branches_covered_display": "52"}}